2020-06-23 14:37:28.036 CEST [4960] DZIENNIK:  dzia≥anie systemu bazy danych zosta≥o przerwane; ostatnie znane podniesienie 2020-06-23 14:31:57 CEST
2020-06-23 14:37:32.760 CEST [4960] DZIENNIK:  system bazy danych nie zosta≥ poprawnie zamkniÍty; trwa automatyczne odzyskiwanie
2020-06-23 14:37:32.773 CEST [4960] DZIENNIK:  ponowienie uruchamia siÍ w 0/17CEB30
2020-06-23 14:37:32.774 CEST [4960] DZIENNIK:  niepoprawna d≥ugoúÊ rekordu w 0/17CEB68: oczekiwana 24, jest 0
2020-06-23 14:37:32.774 CEST [4960] DZIENNIK:  ponowienie wykonane w 0/17CEB30
2020-06-23 14:37:32.811 CEST [4480] DZIENNIK:  system bazy danych jest gotowy do przyjmowania po≥πczeÒ
2020-06-23 16:20:57.903 CEST [4980] B≈ÅƒÑD:  znak sekwencjƒÖ bajt√≥w 0x88 kodowany w "WIN1250" nie ma r√≥wnowa≈ºnego w kodowaniu "UTF8"
2020-06-23 16:27:29.503 CEST [4980] B≈ÅƒÑD:  znak sekwencjƒÖ bajt√≥w 0x98 kodowany w "WIN1250" nie ma r√≥wnowa≈ºnego w kodowaniu "UTF8"
2020-06-23 16:28:12.105 CEST [4980] B≈ÅƒÑD:  znak sekwencjƒÖ bajt√≥w 0x98 kodowany w "WIN1250" nie ma r√≥wnowa≈ºnego w kodowaniu "UTF8"
2020-06-23 16:31:53.117 CEST [4980] B≈ÅƒÑD:  znak sekwencjƒÖ bajt√≥w 0x98 kodowany w "WIN1250" nie ma r√≥wnowa≈ºnego w kodowaniu "UTF8"
2020-06-23 16:32:17.581 CEST [4980] B≈ÅƒÑD:  znak sekwencjƒÖ bajt√≥w 0x98 kodowany w "WIN1250" nie ma r√≥wnowa≈ºnego w kodowaniu "UTF8"
2020-06-23 16:32:35.973 CEST [4980] B≈ÅƒÑD:  znak sekwencjƒÖ bajt√≥w 0x98 kodowany w "WIN1250" nie ma r√≥wnowa≈ºnego w kodowaniu "UTF8"
2020-06-23 16:32:54.505 CEST [4980] B≈ÅƒÑD:  znak sekwencjƒÖ bajt√≥w 0x98 kodowany w "WIN1250" nie ma r√≥wnowa≈ºnego w kodowaniu "UTF8"
2020-06-23 16:33:30.647 CEST [4980] B≈ÅƒÑD:  znak sekwencjƒÖ bajt√≥w 0x98 kodowany w "WIN1250" nie ma r√≥wnowa≈ºnego w kodowaniu "UTF8"
2020-06-23 16:34:01.774 CEST [4980] B≈ÅƒÑD:  znak sekwencjƒÖ bajt√≥w 0x98 kodowany w "WIN1250" nie ma r√≥wnowa≈ºnego w kodowaniu "UTF8"
2020-06-23 16:35:32.671 CEST [4980] B≈ÅƒÑD:  znak sekwencjƒÖ bajt√≥w 0x88 kodowany w "WIN1250" nie ma r√≥wnowa≈ºnego w kodowaniu "UTF8"
2020-06-23 16:36:07.275 CEST [4980] B≈ÅƒÑD:  znak sekwencjƒÖ bajt√≥w 0x88 kodowany w "WIN1250" nie ma r√≥wnowa≈ºnego w kodowaniu "UTF8"
2020-06-23 16:37:03.225 CEST [4980] B≈ÅƒÑD:  b≈ÇƒÖd sk≈Çadni w lub blisko "/" przy znaku 1
2020-06-23 16:37:03.225 CEST [4980] WYRA≈ªENIE:  /d
	/d
	;
2020-06-23 16:41:58.685 CEST [4980] B≈ÅƒÑD:  b≈ÇƒÖd sk≈Çadni w lub blisko "#" przy znaku 1
2020-06-23 16:41:58.685 CEST [4980] WYRA≈ªENIE:  #Tworzneie tablei samochody
	CREATE TABLE samochody (rejestracja CHAR(8) PRIMARY KEY UNIQUE NOT NULL,
	rodzaj CHAR(100),
	rok_produkcji INT NOT NULL,
	data_ubezpieczenia DATE,
	data_przegladu DATE);
2020-06-23 16:41:58.697 CEST [4980] B≈ÅƒÑD:  b≈ÇƒÖd sk≈Çadni w lub blisko "#" przy znaku 1
2020-06-23 16:41:58.697 CEST [4980] WYRA≈ªENIE:  #Tworzenie tabeli kontenery
	CREATE TABLE kontenery (id INT PRIMARY KEY UNIQUE NOT NULL,
	pojemnosc FLOAT(8),
	data_przegladu DATE);
2020-06-23 16:41:58.709 CEST [4980] B≈ÅƒÑD:  b≈ÇƒÖd sk≈Çadni w lub blisko "#" przy znaku 1
2020-06-23 16:41:58.709 CEST [4980] WYRA≈ªENIE:  #Tworzenie tablei wyplaty
	CREATE TABLE wyplaty (id_pracownika INT NOT NULL,
	  data DATE NOT NULL,
	  pensja FLOAT(8) NOT NULL,
	  premia FLOAT(8));
2020-06-23 16:41:58.726 CEST [4980] B≈ÅƒÑD:  b≈ÇƒÖd sk≈Çadni w lub blisko "#" przy znaku 1
2020-06-23 16:41:58.726 CEST [4980] WYRA≈ªENIE:  #Tworzenie tabeli pracownicy
	CREATE TABLE pracownicy (id_pracownika INT PRIMARY KEY UNIQUE NOT NULL,
	 imie CHAR(50) NOT NULL,
	 nazwisko CHAR(50) NOT NULL,
	 pesel CHAR(11) UNIQUE NOT NULL,
	 nr_konta CHAR(26) UNIQUE NOT NULL,
	 miejsce_zamieszkania CHAR(50) NOT NULL,
	 telefon INT,
	 data_zatrudnienia DATE NOT NULL,
	 data_konca_umowy DATE,
	 stanowiska CHAR(200));
2020-06-23 16:42:02.850 CEST [4980] B≈ÅƒÑD:  b≈ÇƒÖd sk≈Çadni w lub blisko "#" przy znaku 1
2020-06-23 16:42:02.850 CEST [4980] WYRA≈ªENIE:  #Tworzenie tabeli tranzakcje
	CREATE TABLE tranzakcje (nr_tranzakcji INT PRIMARY KEY UNIQUE NOT NULL,
	 oplaty FLOAT(8),
	 zarobki FLOAT(8));
2020-06-23 16:43:41.577 CEST [14116] DZIENNIK:  nie mo≈ºna otrzymaƒá danych od klienta: unrecognized winsock error 10054
2020-06-23 16:45:12.674 CEST [2760] B≈ÅƒÑD:  b≈ÇƒÖd sk≈Çadni w lub blisko "cmd" przy znaku 1
2020-06-23 16:45:12.674 CEST [2760] WYRA≈ªENIE:  cmd.exe /c chcp 1250
	;
2020-06-23 16:45:14.762 CEST [2760] DZIENNIK:  nie mo≈ºna otrzymaƒá danych od klienta: unrecognized winsock error 10054
2020-06-23 16:49:10.248 CEST [11796] B≈ÅƒÑD:  b≈ÇƒÖd sk≈Çadni w lub blisko "(" przy znaku 161
2020-06-23 16:49:10.248 CEST [11796] WYRA≈ªENIE:  INSERT INTO klienci(imie, nazwisko, telefon, pesel)
	VALUES
	('Karol', 'Cieslawski', '604784453', '99012301217'),
	('Damian', 'Lukas', '532124654', '99082901583')
	('IGA', 'GRABOWSKI', '562191568', '61110854314'),
	('ALEXANDER', 'NOWAK', '666847864', '59042373487'),
	('STEFAN', 'GRABOWSKI', '557759085', '69050265573'),
	('DARIA', 'JAWORSKI', '771168594', '00270689381'),
	('NIKOLA', 'TOMASZEWSKI', '666847864', '99041614778'),
	('BLANKA', 'MICHALAK', '621935137', '79020552161'),
	('KONSTANTY', 'PAWLAK', '580256771', '94051069222'),
	('KAJA', 'G√ìRSKI', '526487670', '81030468938'),
	('FRANCISZEK', 'STƒòPIE≈É', '583453310', '61031281156'),
	('URSZULA', 'KRAWCZYK', '509311948', '57090911314'),
	('APOLONIA', 'MAJEWSKI', '580256771', '71061896677'),
	('GRACJAN', 'ZALEWSKI', '525899764', '91121216975'),
	('J√ìZEF', 'JAB≈ÅO≈ÉSKI', '641816696', '94032891738'),
	('DOROTA', 'NOWAK', '605808481', '68010869264'),
	('RADOS≈ÅAW', 'WI≈öNIEWSKI', '728330642', '76070794118'),
	('MI≈ÅOSZ', 'G√ìRSKI', '607447981', '84063077988'),
	('KORNEL', 'KWIATKOWSKI', '741153260', '65042734317'),
	('ADRIANNA', 'ADAMCZYK', '647029361', '87100224367'),
	('MONIKA', 'DƒÑBROWSKI', '753980086', '82113017373');
2020-06-23 16:50:39.012 CEST [11796] B≈ÅƒÑD:  kolumna "towar" relacji "pracownicy" nie istnieje przy znaku 24
2020-06-23 16:50:39.012 CEST [11796] WYRA≈ªENIE:  INSERT INTO pracownicy(towar, cel, pochodzenie, termin, rejestracha_samochodu, specialne_warunki, id_pracownika, id_klienta, id_kontenera)
	VALUES
	('PDK (produkty du≈ºej komsumpcji)', 'Katowice', 'Wejherowo', '05-01-2020', 'SK43152', 'wymaga oczenikania', '3', '1', '472649174'),
	('alkochol', 'Bielsko-Biala', 'Rzesz√≥w', '07-01-2020', 'SK00325', 'wymaga oczenikania', '6', '3', '392740174'),
	('AGD', 'Olsztyn', 'Katowice', '07-01-2020', 'SK43152', 'przejazd skontorlowany przez inspekcje', '7', '3', '742819471'),
	('czƒô≈õci samochodowe', 'Katowice', 'Zawiercie', '08-01-2020', 'SK00325', NULL, '8', '4', '102181442'),
	('sammochody', 'Katowice', 'Katowice', '08-01-2020', 'SK43152', NULL, '3', '4', '842123511'),
	('AGD', 'Wejherowo', 'Biala Podlaska', '08-01-2020', 'SK00325', 'przew√≥z specialny', '6', '4', '391746183'),
	('RTV', 'Gliwice', 'Katowice', '09-01-2020', 'SK43152', 'zlecenie piorytetowe', '7', '5', '799736180'),
	('papier', 'Stargard', 'Katowice', '09-01-2020', 'SK00325', 'wymaga oczenikania', '8', '5', '472649174'),
	('czƒô≈õci samolotowe', 'Katowice', 'Jaworzno', '10-01-2020', 'SK43152', NULL, '3', '6', '392740174'),
	('drewno', 'Myslowice', 'Katowice', '10-01-2020', 'SK00325', NULL, '6', '6', '742819471'),
	('sammochody', 'Lublin', 'Sosnowiec', '10-01-2020', 'SK43152', 'wymaga oczenikania', '7', '6', '102181442'),
	('napoje', 'Tarnobrzeg', 'Elk', '11-01-2020', 'SK00325', NULL, '8', '7', '842123511'),
	('czƒô≈õci do maszyn budowlanych', 'Ruda ≈ölƒÖska', 'Walbrzych', '11-01-2020', 'SK43152', NULL, '3', '7', '391746183'),
	('warzywa', 'Sosnowiec', 'Slupsk', '12-01-2020', 'SK00325', 'przejazd skontorlowany przez inspekcje', '6', '8', '799736180'),
	('plastiki', 'Ruda ≈ölƒÖska', 'Katowice', '12-01-2020', 'SK31221', 'wymaga oczenikania', '7', '8', '472649174'),
	('sammochody', 'Nowy SƒÖcz', 'Katowice', '12-01-2020', 'SK43152', 'przejazd skontorlowany przez inspekcje', '8', '8', '392740174'),
	('czƒô≈õci samochodowe', 'Opole', 'Katowice', '13-01-2020', 'SK00325', NULL, '3', '9', '742819471'),
	('sammochody', 'Ruda ≈ölƒÖska', 'Katowice', '13-01-2020', 'SK31221', 'przew√≥z specialny', '6', '9', '102181442'),
	('warzywa', 'Wejherowo', 'Katowice', '14-01-2020', 'SK43152', NULL, '7', '10', '842123511'),
	('warzywa', 'DƒÖbrowa G√≥rnicza', 'Katowice', '14-01-2020', 'SK00325', 'przejazd skontorlowany przez inspekcje', '8', '10', '391746183'),
	('papier', 'Katowice', 'Jaworzno', '14-01-2020', 'SK31221', NULL, '3', '10', '799736180'),
	('czƒô≈õci do maszyn budowlanych', 'Toru≈Ñ', 'Jaworzno', '14-01-2020', 'SK43152', NULL, '6', '10', '472649174'),
	('PDK (produkty du≈ºej komsumpcji)', 'Kielce', 'Stargard', '15-01-2020', 'SK00325', NULL, '7', '11', '392740174'),
	('AGD', 'Ruda ≈ölƒÖska', 'ElblƒÖg', '15-01-2020', 'SK31221', NULL, '8', '11', '742819471'),
	('mro≈ºonki', 'Sosnowiec', 'Sosnowiec', '15-01-2020', 'SK43152', NULL, '3', '11', '102181442'),
	('alkochol', 'Sosnowiec', 'Sosnowiec', '17-01-2020', 'SK00325', NULL, '6', '13', '842123511'),
	('sprzƒôt budowlany', 'Starogard Gda≈Ñski', 'Sosnowiec', '18-01-2020', 'SK31221', 'wymaga oczenikania', '7', '14', '391746183'),
	('sammochody', 'Tarn√≥w', 'Tarnobrzeg', '18-01-2020', 'SK43152', 'przejazd z mandatem karnym', '8', '14', '799736180'),
	('alkochol', 'Belchat√≥w', 'Starogard Gda≈Ñski', '18-01-2020', 'SK00325', NULL, '3', '14', '472649174'),
	('papier', 'Piotrk√≥w', 'Elk', '19-01-2020', 'SK31221', 'wymaga oczenikania', '6', '15', '392740174'),
	('papier', 'Czƒôstochowa', 'Tarn√≥w', '19-01-2020', 'SK43152', 'zlecenie piorytetowe', '7', '15', '742819471'),
	('RTV', 'Siemianowice ≈ölƒÖskie', 'Katowice', '19-01-2020', 'SK00325', NULL, '8', '15', '102181442'),
	('czƒô≈õci samolotowe', 'Nowy SƒÖcz', 'Katowice', '20-01-2020', 'SK31221', NULL, '3', '16', '842123511'),
	('plastiki', 'Kalisz', 'Katowice', '20-01-2020', 'SK43152', NULL, '6', '16', '391746183'),
	('AGD', 'Siemianowice ≈ölƒÖskie', 'Sosnowiec', '20-01-2020', 'SK00325', 'wymaga oczenikania', '7', '16', '799736180'),
	('alkochol', 'Dƒôbica', 'Jaworzno', '20-01-2020', 'SK31221', NULL, '8', '16', '472649174'),
	('napoje', 'Katowice', 'Katowice', '21-01-2020', 'SK43152', NULL, '3', '17', '392740174'),
	('warzywa', 'Sosnowiec', 'Katowice', '21-01-2020', 'SK00325', NULL, '6', '17', '742819471'),
	('AGD', 'Bialystok', 'Ruda ≈ölƒÖska', '21-01-2020', 'SK31221', NULL, '7', '17', '102181442'),
	('warzywa', 'Katowice', 'Gliwice', '22-01-2020', 'SK43152', 'wymaga oczenikania', '8', '18', '842123511'),
	('AGD', 'Radom', '≈öwidnica', '22-01-2020', 'SK00325', 'przejazd skontorlowany przez inspekcje', '3', '18', '391746183'),
	('napoje', 'Wodzislaw ≈ölƒÖski', 'Nowy SƒÖcz', '23-01-2020', 'SK31221', NULL, '6', '19', '799736180'),
	('plastiki', 'Ruda ≈ölƒÖska', 'Dƒôbica', '23-01-2020', 'SK43152', 'zlecenie piorytetowe', '7', '19', '472649174'),
	('alkochol', 'Starogard Gda≈Ñski', 'Piekary ≈ölƒÖskie', '23-01-2020', 'SK00325', NULL, '8', '19', '392740174'),
	('sammochody', 'Legionowo', 'Katowice', '23-01-2020', 'SK31221', NULL, '3', '19', '742819471'),
	('melale gospodarcze', 'Lom≈ºa', 'Zamo≈õƒá', '24-01-2020', 'SK43152', 'zlecenie piorytetowe', '6', '20', '102181442'),
	('RTV', 'Inowroclaw', 'Ruda ≈ölƒÖska', '24-01-2020', 'SK00325', NULL, '7', '20', '842123511'),
	('AGD', 'Katowice', 'Gliwice', '24-01-2020', 'SK31221', 'wymaga oczenikania', '8', '20', '391746183'),
	('melale gospodarcze', 'Gliwice', 'Jaworzno', '24-01-2020', 'SK43152', 'zlecenie piorytetowe', '3', '20', '799736180'),
	('sprzƒôt budowlany', 'Katowice', 'Katowice', '25-01-2020', 'SK00325', NULL, '6', '21', '472649174'),
	('napoje', 'Ostrowiec ≈öwiƒôtokrzyski', 'Tychy', '25-01-2020', 'SK31221', NULL, '7', '21', '392740174'),
	('sprzƒôt budowlany', 'Tychy', 'Bielsko-Biala', '25-01-2020', 'SK43152', NULL, '8', '21', '742819471'),
	('napoje', 'Katowice', 'Ruda ≈ölƒÖska', '26-01-2020', 'SK00325', 'wymaga oczenikania', '3', '22', '102181442'),
	('czƒô≈õci samochodowe', 'Katowice', 'Katowice', '26-01-2020', 'SK31221', NULL, '6', '22', '842123511'),
	('sprzƒôt budowlany', 'Katowice', 'Katowice', '26-01-2020', 'SK43152', NULL, '7', '22', '391746183'),
	('melale gospodarcze', 'Jaworzno', 'Siemianowice ≈ölƒÖskie', '27-01-2020', 'SK00325', NULL, '8', '23', '799736180'),
	('AGD', 'Radom', 'Siemianowice ≈ölƒÖskie', '27-01-2020', 'SK31221', NULL, '3', '23', '472649174'),
	('mro≈ºonki', 'Pozna≈Ñ', 'Wroclaw', '27-01-2020', 'SK43152', 'przejazd skontorlowany przez inspekcje', '6', '23', '392740174'),
	('mro≈ºonki', 'Czƒôstochowa', 'Sosnowiec', '28-01-2020', 'SK00325', NULL, '7', '24', '742819471'),
	('mro≈ºonki', 'Sosnowiec', 'Belchat√≥w', '29-01-2020', 'SK31221', NULL, '8', '25', '102181442'),
	('warzywa', 'Katowice', 'Suwalki', '29-01-2020', 'SK43152', 'przew√≥z specialny', '3', '25', '842123511'),
	('napoje', 'Legionowo', 'Skar≈ºysko-Kamienna', '30-01-2020', 'SK00325', 'przejazd skontorlowany przez inspekcje', '6', '26', '391746183'),
	('czƒô≈õci do maszyn budowlanych', 'Katowice', 'Gda≈Ñsk', '30-01-2020', 'SK31221', NULL, '7', '26', '799736180'),
	('czƒô≈õci do maszyn budowlanych', 'Gliwice', '≈öwiƒôtochlowice', '30-01-2020', 'SK43152', 'przejazd skontorlowany przez inspekcje', '8', '26', '472649174'),
	('drewno', 'Nowy SƒÖcz', 'Katowice', '31-01-2020', 'SK00325', NULL, '3', '27', '392740174'),
	('RTV', 'Siemianowice ≈ölƒÖskie', 'Lom≈ºa', '31-01-2020', 'SK31221', 'przejazd z mandatem karnym', '6', '27', '742819471'),
	('drewno', 'Krak√≥w', 'Bydgoszcz', '01-02-2020', 'SK43152', NULL, '7', '28', '102181442'),
	('sammochody', 'Zielona G√≥ra', 'Legnica', '01-02-2020', 'SK00325', 'zlecenie piorytetowe', '8', '28', '842123511'),
	('PDK (produkty du≈ºej komsumpcji)', 'Katowice', 'Katowice', '01-02-2020', 'SK31221', 'wymaga oczenikania', '3', '28', '391746183'),
	('sammochody', 'Katowice', 'Katowice', '01-02-2020', 'SK43152', NULL, '6', '28', '799736180'),
	('PDK (produkty du≈ºej komsumpcji)', 'l√≥d≈∫', 'Konin', '02-02-2020', 'SK00325', NULL, '7', '29', '472649174'),
	('czƒô≈õci samochodowe', 'Katowice', 'Pulawy', '03-02-2020', 'SK31221', NULL, '8', '30', '392740174'),
	('warzywa', 'Kalisz', 'l√≥d≈∫', '03-02-2020', 'SK43152', 'wymaga oczenikania', '3', '30', '742819471'),
	('plastiki', 'Jaworzno', 'Walbrzych', '03-02-2020', 'SK00325', NULL, '6', '30', '102181442'),
	('PDK (produkty du≈ºej komsumpcji)', 'Dƒôbica', 'Biala Podlaska', '03-02-2020', 'SK31221', NULL, '7', '30', '842123511'),
	('AGD', 'Suwalki', 'Ruda ≈ölƒÖska', '04-02-2020', 'SK43152', 'wymaga oczenikania', '8', '31', '391746183'),
	('czƒô≈õci samochodowe', 'Tomasz√≥w Mazowiecki', 'Rybnik', '04-02-2020', 'SK00325', 'wymaga oczenikania', '3', '31', '799736180'),
	('AGD', 'Katowice', 'Katowice', '04-02-2020', 'SK31221', 'zlecenie piorytetowe', '6', '31', '472649174'),
	('sprzƒôt budowlany', 'Radom', 'Ruda ≈ölƒÖska', '05-02-2020', 'SK43152', NULL, '7', '32', '392740174'),
	('warzywa', 'Siemianowice ≈ölƒÖskie', 'Katowice', '05-02-2020', 'SK00325', 'zlecenie piorytetowe', '8', '32', '742819471'),
	('czƒô≈õci samolotowe', 'Bielsko-Biala', 'Warszawa', '06-02-2020', 'SK31221', NULL, '3', '33', '102181442'),
	('sammochody', 'Katowice', 'Rumia', '06-02-2020', 'SK43152', 'zlecenie piorytetowe', '6', '33', '842123511'),
	('drewno', 'Katowice', 'Piaseczno', '07-02-2020', 'SK00325', 'zlecenie piorytetowe', '7', '34', '391746183'),
	('plastiki', 'Lom≈ºa', 'Katowice', '07-02-2020', 'SK31221', NULL, '8', '34', '799736180'),
	('RTV', 'Gliwice', 'Chorz√≥w', '08-02-2020', 'SK43152', NULL, '3', '35', '472649174'),
	('plastiki', 'Katowice', 'Leszno', '08-02-2020', 'SK00325', NULL, '6', '35', '392740174'),
	('alkochol', 'Bydgoszcz', 'Gliwice', '08-02-2020', 'SK31221', NULL, '7', '35', '742819471'),
	('sprzƒôt budowlany', 'Kielce', 'Sosnowiec', '09-02-2020', 'SK43152', 'wymaga oczenikania', '8', '36', '102181442'),
	('papier', 'Jaworzno', 'Gliwice', '10-02-2020', 'SK00325', NULL, '3', '37', '842123511'),
	('warzywa', 'Zawiercie', 'Kƒôdzierzyn-Ko≈∫le', '11-02-2020', 'SK31221', NULL, '6', '38', '391746183'),
	('warzywa', 'Gliwice', 'Sosnowiec', '11-02-2020', 'SK43152', 'wymaga oczenikania', '7', '38', '799736180'),
	('mro≈ºonki', 'Katowice', 'Gliwice', '11-02-2020', 'SK00325', NULL, '8', '38', '472649174'),
	('PDK (produkty du≈ºej komsumpcji)', 'Ruda ≈ölƒÖska', 'Ruda ≈ölƒÖska', '12-02-2020', 'SK31221', NULL, '3', '39', '392740174'),
	('napoje', 'Koszalin', 'Leszno', '12-02-2020', 'SK43152', 'przejazd skontorlowany przez inspekcje', '6', '39', '742819471'),
	('mro≈ºonki', 'Sosnowiec', 'Katowice', '12-02-2020', 'SK00325', 'przew√≥z specialny', '7', '39', '102181442'),
	('AGD', 'Katowice', 'Katowice', '12-02-2020', 'SK31221', 'wymaga oczenikania', '8', '39', '842123511'),
	('napoje', 'l√≥d≈∫', 'Katowice', '13-02-2020', 'SK43152', NULL, '3', '40', '391746183'),
	('melale gospodarcze', 'Koszalin', 'Katowice', '13-02-2020', 'SK00325', NULL, '6', '40', '799736180'),
	('PDK (produkty du≈ºej komsumpcji)', 'Ruda ≈ölƒÖska', 'Krak√≥w', '13-02-2020', 'SK31221', 'zlecenie piorytetowe', '7', '40', '472649174'),
	('papier', 'Jaworzno', 'Katowice', '14-02-2020', 'SK43152', NULL, '8', '41', '392740174'),
	('PDK (produkty du≈ºej komsumpcji)', 'Czƒôstochowa', 'Legnica', '14-02-2020', 'SK00325', 'przejazd skontorlowany przez inspekcje', '3', '41', '742819471'),
	('sprzƒôt budowlany', 'Ruda ≈ölƒÖska', '≈öwidnica', '15-02-2020', 'SK31221', NULL, '6', '42', '102181442'),
	('PDK (produkty du≈ºej komsumpcji)', 'Ostr√≥w', 'Jastrzƒôbie-Zdr√≥j', '15-02-2020', 'SK43152', NULL, '7', '42', '842123511'),
	('alkochol', 'Katowice', 'Legionowo', '15-02-2020', 'SK00325', 'wymaga oczenikania', '8', '42', '391746183'),
	('melale gospodarcze', 'Gliwice', 'Bielsko-Biala', '16-02-2020', 'SK31221', NULL, '3', '43', '799736180'),
	('czƒô≈õci do maszyn budowlanych', 'Zabrze', 'Nowy SƒÖcz', '16-02-2020', 'SK43152', 'wymaga oczenikania', '6', '43', '472649174'),
	('mro≈ºonki', 'Pabianice', 'Ruda ≈ölƒÖska', '16-02-2020', 'SK00325', NULL, '7', '43', '392740174'),
	('melale gospodarcze', 'Katowice', 'Radom', '17-02-2020', 'SK31221', 'przew√≥z specialny', '8', '44', '742819471'),
	('plastiki', 'Katowice', 'Ruda ≈ölƒÖska', '17-02-2020', 'SK43152', NULL, '3', '44', '102181442'),
	('drewno', 'Jaworzno', 'Jaworzno', '17-02-2020', 'SK00325', NULL, '6', '44', '842123511'),
	('napoje', 'Gliwice', 'Katowice', '18-02-2020', 'SK31221', NULL, '7', '45', '391746183'),
	('plastiki', 'Ruda ≈ölƒÖska', 'GrudziƒÖdz', '18-02-2020', 'SK43152', 'przejazd z mandatem karnym', '8', '45', '799736180'),
	('alkochol', 'Lom≈ºa', 'Ostrolƒôka', '18-02-2020', 'SK00325', 'zlecenie piorytetowe', '3', '45', '472649174'),
	('melale gospodarcze', 'Katowice', 'Katowice', '18-02-2020', 'SK31221', 'wymaga oczenikania', '6', '45', '392740174'),
	('papier', 'Gliwice', 'Sosnowiec', '19-02-2020', 'SK43152', NULL, '7', '46', '742819471'),
	('napoje', 'Bielsko-Biala', 'Gdynia', '19-02-2020', 'SK00325', 'wymaga oczenikania', '8', '46', '102181442'),
	('mro≈ºonki', 'Siemianowice ≈ölƒÖskie', 'Katowice', '19-02-2020', 'SK31221', 'wymaga oczenikania', '3', '46', '842123511'),
	('papier', 'Suwalki', 'Ostrolƒôka', '20-02-2020', 'SK43152', 'przejazd skontorlowany przez inspekcje', '6', '47', '391746183'),
	('mro≈ºonki', 'Sosnowiec', 'Ruda ≈ölƒÖska', '20-02-2020', 'SK00325', 'przejazd skontorlowany przez inspekcje', '7', '47', '799736180'),
	('mro≈ºonki', 'Katowice', 'Kalisz', '21-02-2020', 'SK10A83', NULL, '11', '48', '472649174'),
	('melale gospodarcze', 'Kielce', 'Katowice', '21-02-2020', 'SK43152', NULL, '3', '48', '392740174'),
	('plastiki', 'Sosnowiec', 'Sosnowiec', '21-02-2020', 'SK00325', NULL, '6', '48', '742819471'),
	('plastiki', 'Sosnowiec', 'Bialystok', '21-02-2020', 'SK31221', NULL, '7', '48', '102181442'),
	('czƒô≈õci samolotowe', 'Zawiercie', 'Mielec', '21-02-2020', 'SK10A83', 'zlecenie piorytetowe', '8', '48', '842123511'),
	('PDK (produkty du≈ºej komsumpcji)', 'Ruda ≈ölƒÖska', 'Katowice', '22-02-2020', 'SK43152', NULL, '11', '49', '391746183'),
	('warzywa', 'Katowice', 'Ruda ≈ölƒÖska', '22-02-2020', 'SK00325', 'zlecenie piorytetowe', '3', '49', '799736180'),
	('mro≈ºonki', 'Legionowo', 'Katowice', '22-02-2020', 'SK31221', NULL, '6', '49', '472649174'),
	('czƒô≈õci samochodowe', 'Sosnowiec', 'Katowice', '22-02-2020', 'SK10A83', 'przew√≥z specialny', '7', '49', '392740174'),
	('warzywa', 'l√≥d≈∫', 'Legionowo', '22-02-2020', 'SK43152', 'wymaga oczenikania', '8', '49', '742819471'),
	('czƒô≈õci samochodowe', 'Siemianowice ≈ölƒÖskie', 'Bielsko-Biala', '23-02-2020', 'SK00325', 'wymaga oczenikania', '11', '50', '102181442'),
	('papier', 'Bielsko-Biala', 'Tczew', '23-02-2020', 'SK31221', NULL, '3', '50', '842123511'),
	('mro≈ºonki', 'Gliwice', 'Jaworzno', '23-02-2020', 'SK10A83', 'zlecenie piorytetowe', '6', '50', '391746183'),
	('czƒô≈õci samolotowe', 'Gliwice', 'Slupsk', '23-02-2020', 'SK43152', 'zlecenie piorytetowe', '7', '50', '799736180'),
	('warzywa', 'Jaworzno', 'Katowice', '25-02-2020', 'SK00325', NULL, '8', '52', '472649174'),
	('melale gospodarcze', 'Katowice', 'Glog√≥w', '25-02-2020', 'SK31221', NULL, '11', '52', '392740174'),
	('czƒô≈õci samolotowe', 'Piaseczno', 'Gliwice', '25-02-2020', 'SK10A83', NULL, '3', '52', '742819471'),
	('czƒô≈õci do maszyn budowlanych', 'Starogard Gda≈Ñski', 'Glog√≥w', '25-02-2020', 'SK43152', NULL, '6', '52', '102181442'),
	('papier', 'Siemianowice ≈ölƒÖskie', 'Ruda ≈ölƒÖska', '26-02-2020', 'SK00325', 'zlecenie piorytetowe', '7', '53', '842123511'),
	('papier', 'Chorz√≥w', 'Gliwice', '26-02-2020', 'SK31221', NULL, '8', '53', '391746183'),
	('RTV', 'Ruda ≈ölƒÖska', 'Sosnowiec', '26-02-2020', 'SK10A83', NULL, '11', '53', '799736180'),
	('czƒô≈õci do maszyn budowlanych', 'Gliwice', 'Katowice', '26-02-2020', 'SK43152', NULL, '3', '53', '472649174'),
	('papier', 'Lubin', 'Katowice', '26-02-2020', 'SK00325', 'zlecenie piorytetowe', '6', '53', '392740174'),
	('alkochol', 'Pruszk√≥w', 'Ruda ≈ölƒÖska', '28-02-2020', 'SK31221', 'zlecenie piorytetowe', '7', '55', '742819471'),
	('czƒô≈õci do maszyn budowlanych', 'Jelenia G√≥ra', 'Katowice', '28-02-2020', 'SK10A83', 'przew√≥z specialny', '8', '55', '102181442'),
	('papier', 'Jaworzno', 'Myslowice', '28-02-2020', 'SK43152', NULL, '11', '55', '842123511'),
	('plastiki', 'Jaworzno', 'Ruda ≈ölƒÖska', '28-02-2020', 'SK00325', 'przejazd skontorlowany przez inspekcje', '3', '55', '391746183'),
	('czƒô≈õci samolotowe', 'Gniezno', 'Glog√≥w', '29-02-2020', 'SK31221', NULL, '6', '56', '799736180'),
	('PDK (produkty du≈ºej komsumpcji)', 'Bielsko-Biala', 'Gliwice', '29-02-2020', 'SK10A83', NULL, '7', '56', '472649174'),
	('AGD', 'Sosnowiec', 'Jaworzno', '29-02-2020', 'SK43152', NULL, '8', '56', '392740174'),
	('drewno', 'Jelenia G√≥ra', '≈öwiƒôtochlowice', '29-02-2020', 'SK00325', NULL, '11', '56', '742819471'),
	('RTV', 'Jaworzno', 'Belchat√≥w', '01-03-2020', 'SK31221', NULL, '3', '57', '102181442'),
	('PDK (produkty du≈ºej komsumpcji)', 'Jaworzno', 'Lom≈ºa', '01-03-2020', 'SK10A83', NULL, '6', '57', '842123511'),
	('sprzƒôt budowlany', 'Jaworzno', 'Katowice', '01-03-2020', 'SK43152', 'zlecenie piorytetowe', '7', '57', '391746183'),
	('melale gospodarcze', 'Ruda ≈ölƒÖska', 'Jaworzno', '01-03-2020', 'SK00325', NULL, '8', '57', '799736180'),
	('czƒô≈õci samolotowe', 'Jaworzno', 'Katowice', '02-03-2020', 'SK31221', NULL, '11', '58', '472649174'),
	('AGD', 'Olsztyn', 'Katowice', '02-03-2020', 'SK10A83', NULL, '3', '58', '392740174'),
	('napoje', 'Bielsko-Biala', 'ElblƒÖg', '02-03-2020', 'SK43152', NULL, '6', '58', '742819471'),
	('sammochody', 'Piaseczno', 'Siemianowice ≈ölƒÖskie', '02-03-2020', 'SK00325', 'wymaga oczenikania', '7', '58', '102181442'),
	('mro≈ºonki', 'Elk', 'Dƒôbica', '03-03-2020', 'SK31221', NULL, '8', '59', '842123511'),
	('napoje', 'Katowice', 'Starachowice', '03-03-2020', 'SK10A83', NULL, '11', '59', '391746183'),
	('czƒô≈õci samochodowe', 'Siemianowice ≈ölƒÖskie', 'Sosnowiec', '03-03-2020', 'SK43152', 'wymaga oczenikania', '3', '59', '799736180'),
	('warzywa', 'Siemianowice ≈ölƒÖskie', 'Radomsko', '03-03-2020', 'SK00325', 'zlecenie piorytetowe', '6', '59', '472649174'),
	('czƒô≈õci do maszyn budowlanych', 'Jaworzno', 'Sosnowiec', '03-03-2020', 'SK31221', NULL, '7', '59', '392740174'),
	('czƒô≈õci do maszyn budowlanych', 'Katowice', 'Piotrk√≥w', '04-03-2020', 'SK10A83', NULL, '8', '60', '742819471'),
	('napoje', 'Katowice', 'Gdynia', '04-03-2020', 'SK43152', NULL, '11', '60', '102181442'),
	('napoje', 'Jaworzno', 'Sosnowiec', '04-03-2020', 'SK00325', 'wymaga oczenikania', '3', '60', '842123511'),
	('papier', 'Gliwice', 'Chelm', '04-03-2020', 'SK31221', NULL, '6', '60', '391746183'),
	('drewno', 'Jaworzno', 'Ruda ≈ölƒÖska', '04-03-2020', 'SK10A83', NULL, '7', '60', '799736180'),
	('papier', 'Jaworzno', 'Pruszk√≥w', '05-03-2020', 'SK43152', 'wymaga oczenikania', '8', '61', '472649174'),
	('warzywa', 'Jaworzno', 'Walbrzych', '05-03-2020', 'SK00325', 'przejazd skontorlowany przez inspekcje', '11', '61', '392740174'),
	('RTV', 'Sosnowiec', 'Ruda ≈ölƒÖska', '05-03-2020', 'SK31221', NULL, '3', '61', '742819471'),
	('czƒô≈õci do maszyn budowlanych', 'Katowice', 'Legnica', '05-03-2020', 'SK10A83', NULL, '6', '61', '102181442'),
	('mro≈ºonki', 'Kolobrzeg', 'Przemy≈õl', '05-03-2020', 'SK43152', 'wymaga oczenikania', '7', '61', '842123511'),
	('RTV', 'Katowice', 'Wroclaw', '06-03-2020', 'SK00325', NULL, '8', '62', '391746183'),
	('melale gospodarcze', 'Olsztyn', 'Katowice', '06-03-2020', 'SK31221', NULL, '11', '62', '799736180'),
	('papier', 'Dƒôbica', 'Ostrowiec ≈öwiƒôtokrzyski', '06-03-2020', 'SK10A83', NULL, '3', '62', '472649174'),
	('plastiki', 'Katowice', 'GrudziƒÖdz', '06-03-2020', 'SK43152', 'przejazd skontorlowany przez inspekcje', '6', '62', '392740174'),
	('melale gospodarcze', 'Katowice', 'Koszalin', '06-03-2020', 'SK00325', 'wymaga oczenikania', '7', '62', '742819471'),
	('plastiki', 'Siemianowice ≈ölƒÖskie', 'Gliwice', '06-03-2020', 'SK31221', NULL, '8', '62', '102181442'),
	('sprzƒôt budowlany', 'Katowice', 'Katowice', '07-03-2020', 'SK10A83', NULL, '11', '63', '842123511'),
	('mro≈ºonki', 'Nowy SƒÖcz', 'Jaworzno', '07-03-2020', 'SK43152', 'wymaga oczenikania', '3', '63', '391746183'),
	('czƒô≈õci samochodowe', 'Katowice', 'Ruda ≈ölƒÖska', '07-03-2020', 'SK00325', NULL, '6', '63', '799736180'),
	('AGD', 'Konin', 'Katowice', '07-03-2020', 'SK31221', 'zlecenie piorytetowe', '7', '63', '472649174'),
	('napoje', 'Elk', 'Sosnowiec', '07-03-2020', 'SK10A83', 'wymaga oczenikania', '8', '63', '392740174'),
	('plastiki', 'Krak√≥w', 'Dƒôbica', '08-03-2020', 'SK43152', 'zlecenie piorytetowe', '11', '64', '742819471'),
	('PDK (produkty du≈ºej komsumpcji)', 'Siemianowice ≈ölƒÖskie', 'Czƒôstochowa', '08-03-2020', 'SK00325', 'przejazd z mandatem karnym', '3', '64', '102181442'),
	('czƒô≈õci samolotowe', 'Ostr√≥w', 'Myslowice', '08-03-2020', 'SK31221', NULL, '6', '64', '842123511'),
	('sammochody', 'Jaworzno', 'Katowice', '08-03-2020', 'SK10A83', 'przejazd skontorlowany przez inspekcje', '7', '64', '391746183'),
	('plastiki', 'Jaworzno', 'Sosnowiec', '08-03-2020', 'SK43152', NULL, '8', '64', '799736180'),
	('mro≈ºonki', 'Starogard Gda≈Ñski', 'Katowice', '09-03-2020', 'SK00325', NULL, '11', '65', '472649174'),
	('czƒô≈õci samochodowe', 'Ruda ≈ölƒÖska', 'Gliwice', '09-03-2020', 'SK31221', NULL, '3', '65', '392740174'),
	('AGD', 'Wejherowo', 'Katowice', '09-03-2020', 'SK10A83', NULL, '6', '65', '742819471'),
	('sprzƒôt budowlany', 'Leszno', 'Katowice', '09-03-2020', 'SK43152', NULL, '7', '65', '102181442'),
	('warzywa', 'Bielsko-Biala', 'Wejherowo', '09-03-2020', 'SK00325', 'zlecenie piorytetowe', '8', '65', '842123511'),
	('czƒô≈õci samochodowe', 'Ruda ≈ölƒÖska', 'Pabianice', '10-03-2020', 'SK31221', 'wymaga oczenikania', '11', '66', '391746183'),
	('mro≈ºonki', 'Katowice', 'Krak√≥w', '10-03-2020', 'SK10A83', 'przew√≥z specialny', '3', '66', '799736180'),
	('melale gospodarcze', 'Katowice', 'l√≥d≈∫', '10-03-2020', 'SK43152', 'wymaga oczenikania', '6', '66', '472649174'),
	('warzywa', 'Tczew', 'Bialystok', '10-03-2020', 'SK00325', 'przejazd skontorlowany przez inspekcje', '7', '66', '392740174'),
	('napoje', 'Zamo≈õƒá', 'Sosnowiec', '10-03-2020', 'SK31221', 'przejazd skontorlowany przez inspekcje', '8', '66', '742819471'),
	('melale gospodarcze', 'Pabianice', 'Jaworzno', '11-03-2020', 'SK10A83', NULL, '11', '67', '102181442'),
	('PDK (produkty du≈ºej komsumpcji)', 'Siemianowice ≈ölƒÖskie', 'Gda≈Ñsk', '11-03-2020', 'SK43152', 'wymaga oczenikania', '3', '67', '842123511'),
	('sprzƒôt budowlany', 'Katowice', 'Gliwice', '11-03-2020', 'SK00325', 'wymaga oczenikania', '6', '67', '391746183'),
	('czƒô≈õci samolotowe', 'Sosnowiec', 'Ruda ≈ölƒÖska', '11-03-2020', 'SK31221', NULL, '7', '67', '799736180'),
	('sammochody', 'Inowroclaw', 'Gliwice', '11-03-2020', 'SK10A83', NULL, '8', '67', '472649174'),
	('drewno', 'Nowy SƒÖcz', 'Katowice', '12-03-2020', 'SK43152', 'zlecenie piorytetowe', '11', '68', '392740174'),
	('AGD', 'Rumia', 'Katowice', '12-03-2020', 'SK00325', NULL, '3', '68', '742819471'),
	('czƒô≈õci samochodowe', 'Legnica', 'Jaworzno', '12-03-2020', 'SK31221', NULL, '6', '68', '102181442'),
	('czƒô≈õci do maszyn budowlanych', 'Gliwice', 'Jaworzno', '12-03-2020', 'SK10A83', NULL, '7', '68', '842123511'),
	('melale gospodarcze', 'Bielsko-Biala', 'Sosnowiec', '12-03-2020', 'SK43152', 'przejazd z mandatem karnym', '8', '68', '391746183'),
	('PDK (produkty du≈ºej komsumpcji)', 'Lublin', 'Jaworzno', '13-03-2020', 'SK00325', NULL, '11', '69', '799736180'),
	('warzywa', 'Tarn√≥w', 'DƒÖbrowa G√≥rnicza', '13-03-2020', 'SK31221', 'wymaga oczenikania', '3', '69', '472649174'),
	('czƒô≈õci do maszyn budowlanych', 'Katowice', 'Tczew', '13-03-2020', 'SK10A83', NULL, '6', '69', '392740174'),
	('plastiki', 'Katowice', 'Katowice', '13-03-2020', 'SK43152', NULL, '7', '69', '742819471'),
	('czƒô≈õci samochodowe', 'Katowice', 'Pruszk√≥w', '13-03-2020', 'SK00325', 'przejazd skontorlowany przez inspekcje', '8', '69', '102181442'),
	('czƒô≈õci do maszyn budowlanych', 'Wloclawek', 'Jelenia G√≥ra', '14-03-2020', 'SK31221', NULL, '11', '70', '842123511'),
	('mro≈ºonki', 'Biala Podlaska', 'Zamo≈õƒá', '14-03-2020', 'SK10A83', NULL, '3', '70', '391746183'),
	('czƒô≈õci samolotowe', 'Sosnowiec', 'Katowice', '14-03-2020', 'SK43152', 'zlecenie piorytetowe', '6', '70', '799736180'),
	('plastiki', 'Walbrzych', 'Jaworzno', '14-03-2020', 'SK00325', 'zlecenie piorytetowe', '7', '70', '472649174'),
	('melale gospodarcze', 'Gliwice', 'Wloclawek', '15-03-2020', 'SK31221', 'wymaga oczenikania', '8', '71', '392740174'),
	('czƒô≈õci do maszyn budowlanych', 'Ruda ≈ölƒÖska', 'Siemianowice ≈ölƒÖskie', '15-03-2020', 'SK10A83', 'przejazd z mandatem karnym', '11', '71', '742819471'),
	('czƒô≈õci do maszyn budowlanych', 'Katowice', 'Tychy', '15-03-2020', 'SK43152', 'wymaga oczenikania', '3', '71', '102181442'),
	('AGD', 'Sosnowiec', 'Bytom', '15-03-2020', 'SK00325', NULL, '6', '71', '842123511'),
	('papier', 'Ruda ≈ölƒÖska', 'Skierniewice', '16-03-2020', 'SK31221', 'przejazd skontorlowany przez inspekcje', '7', '72', '391746183'),
	('czƒô≈õci samolotowe', 'Nowy SƒÖcz', 'Suwalki', '16-03-2020', 'SK10A83', NULL, '8', '72', '799736180'),
	('czƒô≈õci do maszyn budowlanych', 'Siemianowice ≈ölƒÖskie', 'Siemianowice ≈ölƒÖskie', '16-03-2020', 'SK43152', NULL, '11', '72', '472649174'),
	('plastiki', 'Jaworzno', 'Rybnik', '16-03-2020', 'SK00325', NULL, '3', '72', '392740174'),
	('PDK (produkty du≈ºej komsumpcji)', 'Ruda ≈ölƒÖska', 'Sosnowiec', '17-03-2020', 'SK31221', 'wymaga oczenikania', '6', '73', '742819471'),
	('czƒô≈õci samolotowe', 'Katowice', '≈öwiƒôtochlowice', '17-03-2020', 'SK10A83', NULL, '7', '73', '102181442'),
	('warzywa', 'Jaworzno', 'Czƒôstochowa', '17-03-2020', 'SK43152', 'przew√≥z specialny', '8', '73', '842123511'),
	('melale gospodarcze', 'Pulawy', 'Jaworzno', '17-03-2020', 'SK00325', NULL, '11', '73', '391746183'),
	('czƒô≈õci samochodowe', 'Katowice', 'Ruda ≈ölƒÖska', '18-03-2020', 'SK31221', 'przew√≥z specialny', '3', '74', '799736180'),
	('napoje', 'Jaworzno', 'Tomasz√≥w Mazowiecki', '18-03-2020', 'SK10A83', NULL, '6', '74', '472649174'),
	('czƒô≈õci samolotowe', 'Lubin', 'Skar≈ºysko-Kamienna', '18-03-2020', 'SK43152', NULL, '7', '74', '392740174'),
	('plastiki', 'ElblƒÖg', 'Katowice', '18-03-2020', 'SK00325', 'przew√≥z specialny', '8', '74', '742819471'),
	('PDK (produkty du≈ºej komsumpcji)', 'Rumia', 'Siemianowice ≈ölƒÖskie', '19-03-2020', 'SK31221', 'wymaga oczenikania', '11', '75', '102181442'),
	('papier', 'Gliwice', 'Pozna≈Ñ', '19-03-2020', 'SK10A83', 'wymaga oczenikania', '3', '75', '842123511'),
	('czƒô≈õci samolotowe', 'Ruda ≈ölƒÖska', 'Katowice', '20-03-2020', 'SK43152', 'przew√≥z specialny', '6', '76', '391746183'),
	('czƒô≈õci samochodowe', 'Katowice', 'Mielec', '20-03-2020', 'SK00325', 'zlecenie piorytetowe', '7', '76', '799736180'),
	('sprzƒôt budowlany', 'Katowice', 'Jaworzno', '20-03-2020', 'SK31221', NULL, '8', '76', '472649174'),
	('napoje', '≈ªory', 'Ruda ≈ölƒÖska', '20-03-2020', 'SK10A83', NULL, '11', '76', '392740174'),
	('plastiki', 'Sosnowiec', 'Wejherowo', '20-03-2020', 'SK43152', NULL, '3', '76', '742819471'),
	('mro≈ºonki', 'Katowice', 'Pulawy', '21-03-2020', 'SK00325', NULL, '6', '77', '102181442'),
	('napoje', 'Siedlce', 'Ruda ≈ölƒÖska', '21-03-2020', 'SK31221', NULL, '7', '77', '842123511'),
	('warzywa', 'Siemianowice ≈ölƒÖskie', 'Zielona G√≥ra', '21-03-2020', 'SK10A83', 'wymaga oczenikania', '8', '77', '391746183'),
	('PDK (produkty du≈ºej komsumpcji)', 'Rzesz√≥w', 'Katowice', '22-03-2020', 'SK43152', NULL, '11', '78', '799736180'),
	('czƒô≈õci do maszyn budowlanych', 'Tarnowskie G√≥ry', 'Wodzislaw ≈ölƒÖski', '22-03-2020', 'SK00325', NULL, '3', '78', '472649174'),
	('sprzƒôt budowlany', 'Przemy≈õl', 'Chelm', '22-03-2020', 'SK31221', NULL, '6', '78', '392740174'),
	('napoje', 'Katowice', 'Sosnowiec', '22-03-2020', 'SK10A83', NULL, '7', '78', '742819471'),
	('mro≈ºonki', 'Katowice', 'Zabrze', '23-03-2020', 'SK43152', 'wymaga oczenikania', '8', '79', '102181442'),
	('czƒô≈õci do maszyn budowlanych', 'Sosnowiec', 'Katowice', '23-03-2020', 'SK00325', NULL, '11', '79', '842123511'),
	('RTV', 'Olsztyn', 'Gliwice', '23-03-2020', 'SK31221', 'wymaga oczenikania', '3', '79', '391746183'),
	('AGD', 'Bielsko-Biala', 'Katowice', '23-03-2020', 'SK10A83', NULL, '6', '79', '799736180'),
	('czƒô≈õci samochodowe', 'Katowice', 'Katowice', '23-03-2020', 'SK43152', 'przew√≥z specialny', '7', '79', '472649174'),
	('melale gospodarcze', 'Katowice', 'Gliwice', '24-03-2020', 'SK00325', 'wymaga oczenikania', '8', '80', '392740174'),
	('napoje', 'Sosnowiec', 'Katowice', '24-03-2020', 'SK31221', NULL, '11', '80', '742819471'),
	('plastiki', 'Legnica', 'Katowice', '24-03-2020', 'SK10A83', 'wymaga oczenikania', '3', '80', '102181442'),
	('sammochody', 'Piotrk√≥w', 'Rzesz√≥w', '24-03-2020', 'SK43152', NULL, '6', '80', '842123511'),
	('sprzƒôt budowlany', 'Bydgoszcz', 'Rumia', '25-03-2020', 'SK00325', 'zlecenie piorytetowe', '7', '81', '391746183'),
	('melale gospodarcze', 'Ruda ≈ölƒÖska', 'Walbrzych', '25-03-2020', 'SK31221', 'przejazd skontorlowany przez inspekcje', '8', '81', '799736180'),
	('drewno', 'Bielsko-Biala', 'GrudziƒÖdz', '25-03-2020', 'SK10A83', NULL, '11', '81', '472649174'),
	('RTV', 'Legionowo', 'Katowice', '25-03-2020', 'SK43152', 'wymaga oczenikania', '3', '81', '392740174'),
	('alkochol', 'Jaworzno', 'Szczecin', '25-03-2020', 'SK00325', NULL, '6', '81', '742819471'),
	('AGD', 'l√≥d≈∫', 'Radomsko', '26-03-2020', 'SK31221', NULL, '7', '82', '102181442'),
	('RTV', 'Pabianice', 'Katowice', '26-03-2020', 'SK10A83', NULL, '8', '82', '842123511'),
	('mro≈ºonki', 'Myslowice', 'Tarnowskie G√≥ry', '26-03-2020', 'SK43152', 'przejazd z mandatem karnym', '11', '82', '391746183'),
	('plastiki', 'Bielsko-Biala', 'Katowice', '26-03-2020', 'SK00325', NULL, '3', '82', '799736180'),
	('czƒô≈õci samolotowe', 'Krosno', 'Legnica', '26-03-2020', 'SK31221', NULL, '6', '82', '472649174'),
	('mro≈ºonki', 'Biala Podlaska', 'Ruda ≈ölƒÖska', '27-03-2020', 'SK10A83', NULL, '7', '83', '392740174'),
	('sammochody', 'Jaworzno', 'Starogard Gda≈Ñski', '27-03-2020', 'SK43152', NULL, '8', '83', '742819471'),
	('warzywa', 'Lublin', 'Sosnowiec', '27-03-2020', 'SK00325', NULL, '11', '83', '102181442'),
	('plastiki', 'Katowice', 'Gda≈Ñsk', '27-03-2020', 'SK31221', 'przejazd z mandatem karnym', '3', '83', '842123511'),
	('napoje', 'Piekary ≈ölƒÖskie', 'Jaworzno', '27-03-2020', 'SK10A83', NULL, '6', '83', '391746183'),
	('mro≈ºonki', 'Jelenia G√≥ra', 'Ostr√≥w', '28-03-2020', 'SK43152', 'przejazd skontorlowany przez inspekcje', '7', '84', '799736180'),
	('RTV', 'Ruda ≈ölƒÖska', 'Katowice', '28-03-2020', 'SK00325', NULL, '8', '84', '472649174'),
	('alkochol', 'Siedlce', 'Bielsko-Biala', '28-03-2020', 'SK31221', NULL, '11', '84', '392740174'),
	('mro≈ºonki', 'Ruda ≈ölƒÖska', 'Katowice', '28-03-2020', 'SK10A83', 'przew√≥z specialny', '3', '84', '742819471'),
	('PDK (produkty du≈ºej komsumpcji)', 'Gda≈Ñsk', 'Katowice', '28-03-2020', 'SK43152', NULL, '6', '84', '102181442'),
	('plastiki', 'Jaworzno', 'Ruda ≈ölƒÖska', '29-03-2020', 'SK00325', 'wymaga oczenikania', '7', '85', '842123511'),
	('czƒô≈õci samolotowe', 'Katowice', 'Katowice', '29-03-2020', 'SK31221', NULL, '8', '85', '391746183'),
	('mro≈ºonki', 'Pulawy', 'Bielsko-Biala', '30-03-2020', 'SK10A83', 'przejazd skontorlowany przez inspekcje', '11', '86', '799736180'),
	('plastiki', 'Katowice', 'Siemianowice ≈ölƒÖskie', '30-03-2020', 'SK43152', 'przew√≥z specialny', '3', '86', '472649174'),
	('plastiki', 'Katowice', 'Chelm', '30-03-2020', 'SK00325', 'wymaga oczenikania', '6', '86', '392740174'),
	('czƒô≈õci do maszyn budowlanych', 'Sosnowiec', 'Bƒôdzin', '30-03-2020', 'SK31221', NULL, '7', '86', '742819471'),
	('czƒô≈õci do maszyn budowlanych', 'Jaworzno', 'Piekary ≈ölƒÖskie', '30-03-2020', 'SK10A83', 'przew√≥z specialny', '8', '86', '102181442'),
	('czƒô≈õci do maszyn budowlanych', 'Ruda ≈ölƒÖska', 'Katowice', '31-03-2020', 'SK43152', 'wymaga oczenikania', '11', '87', '842123511'),
	('warzywa', 'Szczecin', 'Katowice', '31-03-2020', 'SK00325', NULL, '3', '87', '391746183'),
	('RTV', 'Katowice', 'Katowice', '31-03-2020', 'SK31221', 'wymaga oczenikania', '6', '87', '799736180'),
	('AGD', 'Jaworzno', 'Ruda ≈ölƒÖska', '31-03-2020', 'SK10A83', NULL, '7', '87', '472649174'),
	('mro≈ºonki', 'Ruda ≈ölƒÖska', 'Starachowice', '31-03-2020', 'SK43152', 'wymaga oczenikania', '8', '87', '392740174'),
	('mro≈ºonki', 'Ostrolƒôka', 'Bielsko-Biala', '01-04-2020', 'SK00325', NULL, '11', '88', '742819471'),
	('mro≈ºonki', 'Kielce', 'Jaworzno', '01-04-2020', 'SK31221', 'wymaga oczenikania', '3', '88', '102181442'),
	('mro≈ºonki', 'ElblƒÖg', 'Katowice', '01-04-2020', 'SK10A83', NULL, '6', '88', '842123511'),
	('drewno', 'Bytom', 'Sosnowiec', '02-04-2020', 'SK43152', NULL, '7', '89', '391746183'),
	('czƒô≈õci samochodowe', 'Katowice', 'Tarn√≥w', '02-04-2020', 'SK00325', NULL, '8', '89', '799736180'),
	('melale gospodarcze', 'Tarnobrzeg', 'Gniezno', '02-04-2020', 'SK31221', 'przejazd skontorlowany przez inspekcje', '11', '89', '472649174'),
	('alkochol', 'Slupsk', 'Bielsko-Biala', '02-04-2020', 'SK10A83', NULL, '3', '89', '392740174'),
	('sprzƒôt budowlany', 'Katowice', 'Piaseczno', '02-04-2020', 'SK43152', NULL, '6', '89', '742819471'),
	('sammochody', 'Siemianowice ≈ölƒÖskie', 'Koszalin', '02-04-2020', 'SK00325', 'wymaga oczenikania', '7', '89', '102181442'),
	('czƒô≈õci samolotowe', 'Jaworzno', 'Opole', '03-04-2020', 'SK31221', NULL, '8', '90', '842123511'),
	('melale gospodarcze', 'Jaworzno', '≈öwiƒôtochlowice', '03-04-2020', 'SK10A83', 'wymaga oczenikania', '11', '90', '391746183'),
	('AGD', 'Zielona G√≥ra', 'Pozna≈Ñ', '03-04-2020', 'SK43152', 'przew√≥z specialny', '3', '90', '799736180'),
	('PDK (produkty du≈ºej komsumpcji)', 'Siemianowice ≈ölƒÖskie', 'Katowice', '04-04-2020', 'SK00325', 'przejazd z mandatem karnym', '6', '91', '472649174'),
	('PDK (produkty du≈ºej komsumpcji)', 'Rumia', 'Jaworzno', '04-04-2020', 'SK31221', 'wymaga oczenikania', '7', '91', '392740174'),
	('sprzƒôt budowlany', 'Jaworzno', 'Katowice', '04-04-2020', 'SK10A83', 'zlecenie piorytetowe', '8', '91', '742819471'),
	('napoje', 'Gliwice', 'Katowice', '04-04-2020', 'SK43152', NULL, '11', '91', '102181442'),
	('RTV', 'Gliwice', 'Stalowa Wola', '04-04-2020', 'SK00325', 'wymaga oczenikania', '3', '91', '842123511'),
	('sammochody', 'Bydgoszcz', 'Konin', '06-04-2020', 'SK31221', 'przejazd z mandatem karnym', '6', '93', '391746183'),
	('napoje', 'Tomasz√≥w Mazowiecki', 'Sosnowiec', '06-04-2020', 'SK10A83', 'wymaga oczenikania', '7', '93', '799736180'),
	('drewno', 'Zabrze', 'Pila', '06-04-2020', 'SK43152', NULL, '8', '93', '472649174'),
	('RTV', 'Katowice', 'Pila', '06-04-2020', 'SK00325', 'przew√≥z specialny', '11', '93', '392740174'),
	('mro≈ºonki', 'Jaworzno', 'Gda≈Ñsk', '06-04-2020', 'SK31221', 'wymaga oczenikania', '3', '93', '742819471'),
	('czƒô≈õci samolotowe', 'Sosnowiec', 'Katowice', '07-04-2020', 'SK10A83', NULL, '6', '94', '102181442'),
	('alkochol', 'Lubin', 'Gliwice', '07-04-2020', 'SK43152', NULL, '7', '94', '842123511'),
	('czƒô≈õci samolotowe', 'Katowice', 'Przemy≈õl', '07-04-2020', 'SK00325', 'przejazd skontorlowany przez inspekcje', '8', '94', '391746183'),
	('napoje', 'Katowice', 'Katowice', '08-04-2020', 'SK31221', 'wymaga oczenikania', '11', '95', '799736180'),
	('PDK (produkty du≈ºej komsumpcji)', 'Lom≈ºa', 'Sosnowiec', '08-04-2020', 'SK10A83', NULL, '3', '95', '472649174'),
	('melale gospodarcze', 'Siemianowice ≈ölƒÖskie', 'Jelenia G√≥ra', '08-04-2020', 'SK43152', NULL, '6', '95', '392740174'),
	('czƒô≈õci samochodowe', 'Warszawa', 'Ruda ≈ölƒÖska', '08-04-2020', 'SK00325', NULL, '7', '95', '742819471'),
	('alkochol', 'Katowice', 'GrudziƒÖdz', '08-04-2020', 'SK31221', 'zlecenie piorytetowe', '8', '95', '102181442'),
	('sammochody', 'Jelenia G√≥ra', 'GrudziƒÖdz', '09-04-2020', 'SK10A83', 'przejazd skontorlowany przez inspekcje', '11', '96', '842123511'),
	('czƒô≈õci samolotowe', 'Katowice', 'Racib√≥rz', '09-04-2020', 'SK43152', NULL, '3', '96', '391746183'),
	('warzywa', 'Katowice', 'Tarnowskie G√≥ry', '09-04-2020', 'SK00325', 'przejazd z mandatem karnym', '6', '96', '799736180'),
	('PDK (produkty du≈ºej komsumpcji)', 'Tarnowskie G√≥ry', 'Jaworzno', '09-04-2020', 'SK31221', NULL, '7', '96', '472649174'),
	('melale gospodarcze', 'Wroclaw', 'Katowice', '09-04-2020', 'SK10A83', NULL, '8', '96', '392740174'),
	('AGD', 'Ruda ≈ölƒÖska', 'Zabrze', '10-04-2020', 'SK43152', NULL, '11', '97', '742819471'),
	('papier', 'Bƒôdzin', 'Katowice', '11-04-2020', 'SK00325', NULL, '3', '98', '102181442'),
	('plastiki', 'Katowice', 'Ruda ≈ölƒÖska', '11-04-2020', 'SK31221', NULL, '6', '98', '842123511'),
	('czƒô≈õci samochodowe', 'Kielce', 'Jaworzno', '11-04-2020', 'SK10A83', NULL, '7', '98', '391746183'),
	('AGD', 'Pila', 'Gliwice', '11-04-2020', 'SK43152', NULL, '8', '98', '799736180'),
	('AGD', 'Tomasz√≥w Mazowiecki', 'Ruda ≈ölƒÖska', '12-04-2020', 'SK00325', NULL, '11', '99', '472649174'),
	('warzywa', 'Lom≈ºa', 'Siemianowice ≈ölƒÖskie', '12-04-2020', 'SK31221', 'przejazd skontorlowany przez inspekcje', '3', '99', '392740174'),
	('warzywa', 'Zabrze', 'Katowice', '12-04-2020', 'SK10A83', NULL, '6', '99', '742819471'),
	('warzywa', 'Katowice', 'Gliwice', '13-04-2020', 'SK43152', 'wymaga oczenikania', '7', '100', '102181442'),
	('napoje', 'Wroclaw', 'Ruda ≈ölƒÖska', '13-04-2020', 'SK00325', 'zlecenie piorytetowe', '8', '100', '842123511'),
	('alkochol', 'Jaworzno', 'Ruda ≈ölƒÖska', '13-04-2020', 'SK31221', 'zlecenie piorytetowe', '11', '100', '391746183'),
	('plastiki', 'Sosnowiec', 'Jaworzno', '13-04-2020', 'SK10A83', 'wymaga oczenikania', '3', '100', '799736180'),
	('melale gospodarcze', 'Ruda ≈ölƒÖska', 'Starogard Gda≈Ñski', '13-04-2020', 'SK43152', NULL, '6', '100', '472649174'),
	('plastiki', 'Walbrzych', 'Bydgoszcz', '14-04-2020', 'SK00325', NULL, '7', '101', '392740174'),
	('AGD', 'Katowice', 'Sosnowiec', '14-04-2020', 'SK31221', 'przejazd skontorlowany przez inspekcje', '8', '101', '742819471'),
	('sprzƒôt budowlany', '≈ªory', 'Gliwice', '14-04-2020', 'SK10A83', 'wymaga oczenikania', '11', '101', '102181442'),
	('czƒô≈õci samolotowe', 'Katowice', 'Bielsko-Biala', '14-04-2020', 'SK43152', 'zlecenie piorytetowe', '3', '101', '842123511'),
	('melale gospodarcze', 'Rzesz√≥w', 'Szczecin', '15-04-2020', 'SK00325', NULL, '6', '102', '391746183'),
	('alkochol', 'Katowice', 'Wroclaw', '15-04-2020', 'SK31221', 'wymaga oczenikania', '7', '102', '799736180'),
	('warzywa', 'Ruda ≈ölƒÖska', 'Katowice', '15-04-2020', 'SK10A83', NULL, '8', '102', '472649174'),
	('papier', 'Starachowice', 'Katowice', '15-04-2020', 'SK43152', 'przejazd z mandatem karnym', '11', '102', '392740174'),
	('sammochody', 'Katowice', 'Jaworzno', '15-04-2020', 'SK00325', NULL, '3', '102', '742819471'),
	('melale gospodarcze', 'Suwalki', 'Starachowice', '15-04-2020', 'SK31221', NULL, '6', '102', '102181442'),
	('sammochody', 'Siemianowice ≈ölƒÖskie', 'Katowice', '16-04-2020', 'SK10A83', 'wymaga oczenikania', '7', '103', '842123511'),
	('plastiki', 'Katowice', 'Katowice', '16-04-2020', 'SK43152', NULL, '8', '103', '391746183'),
	('sammochody', 'Katowice', 'GrudziƒÖdz', '16-04-2020', 'SK00325', NULL, '11', '103', '799736180'),
	('RTV', 'Jaworzno', 'Gliwice', '16-04-2020', 'SK31221', NULL, '3', '103', '472649174'),
	('sammochody', 'Walbrzych', 'Katowice', '17-04-2020', 'SK10A83', 'wymaga oczenikania', '6', '104', '392740174'),
	('czƒô≈õci samolotowe', 'Bƒôdzin', 'Radom', '17-04-2020', 'SK43152', 'wymaga oczenikania', '7', '104', '742819471'),
	('AGD', 'Zawiercie', 'Siemianowice ≈ölƒÖskie', '17-04-2020', 'SK00325', NULL, '8', '104', '102181442'),
	('RTV', 'Jaworzno', 'Zabrze', '17-04-2020', 'SK31221', NULL, '11', '104', '842123511'),
	('czƒô≈õci samochodowe', 'Bielsko-Biala', 'Zgierz', '18-04-2020', 'SK10A83', NULL, '3', '105', '391746183'),
	('drewno', 'Sosnowiec', 'Starogard Gda≈Ñski', '18-04-2020', 'SK43152', NULL, '6', '105', '799736180'),
	('alkochol', 'Elk', 'Ruda ≈ölƒÖska', '18-04-2020', 'SK00325', 'przew√≥z specialny', '7', '105', '472649174'),
	('czƒô≈õci do maszyn budowlanych', 'Tarn√≥w', 'Czƒôstochowa', '18-04-2020', 'SK31221', NULL, '8', '105', '392740174'),
	('alkochol', 'Gliwice', 'Katowice', '19-04-2020', 'SK10A83', NULL, '11', '106', '742819471'),
	('melale gospodarcze', 'Biala Podlaska', 'Elk', '19-04-2020', 'SK43152', 'przejazd z mandatem karnym', '3', '106', '102181442'),
	('napoje', 'Katowice', 'Gliwice', '19-04-2020', 'SK00325', NULL, '6', '106', '842123511'),
	('plastiki', 'Ruda ≈ölƒÖska', 'Katowice', '19-04-2020', 'SK31221', 'wymaga oczenikania', '7', '106', '391746183'),
	('drewno', 'Siemianowice ≈ölƒÖskie', 'Starachowice', '19-04-2020', 'SK10A83', NULL, '8', '106', '799736180'),
	('melale gospodarcze', 'Czƒôstochowa', 'Katowice', '19-04-2020', 'SK43152', NULL, '11', '106', '472649174'),
	('sprzƒôt budowlany', 'Katowice', 'Gniezno', '20-04-2020', 'SK00325', NULL, '3', '107', '392740174'),
	('papier', 'Rzesz√≥w', 'Ruda ≈ölƒÖska', '20-04-2020', 'SK31221', NULL, '6', '107', '742819471'),
	('RTV', 'Toru≈Ñ', 'Bialystok', '20-04-2020', 'SK10A83', 'wymaga oczenikania', '7', '107', '102181442'),
	('sammochody', 'Bielsko-Biala', 'Ruda ≈ölƒÖska', '20-04-2020', 'SK43152', NULL, '8', '107', '842123511'),
	('mro≈ºonki', 'Pruszk√≥w', 'Katowice', '20-04-2020', 'SK00325', NULL, '11', '107', '391746183'),
	('alkochol', 'Gliwice', 'Sosnowiec', '21-04-2020', 'SK31221', 'wymaga oczenikania', '3', '108', '799736180'),
	('PDK (produkty du≈ºej komsumpcji)', 'Siemianowice ≈ölƒÖskie', 'Sosnowiec', '21-04-2020', 'SK10A83', NULL, '6', '108', '472649174'),
	('RTV', 'Pozna≈Ñ', 'Katowice', '21-04-2020', 'SK43152', 'przejazd skontorlowany przez inspekcje', '7', '108', '392740174'),
	('drewno', 'Jaworzno', 'Tomasz√≥w Mazowiecki', '21-04-2020', 'SK00325', NULL, '8', '108', '742819471'),
	('papier', 'Jaworzno', 'Mielec', '21-04-2020', 'SK31221', NULL, '11', '108', '102181442'),
	('sammochody', 'Katowice', 'Katowice', '22-04-2020', 'SK10A83', NULL, '3', '109', '842123511'),
	('sprzƒôt budowlany', 'Gliwice', 'Gliwice', '22-04-2020', 'SK43152', NULL, '6', '109', '391746183'),
	('napoje', 'Olsztyn', 'Katowice', '22-04-2020', 'SK00325', 'wymaga oczenikania', '7', '109', '799736180'),
	('papier', 'Ruda ≈ölƒÖska', 'Jaworzno', '22-04-2020', 'SK31221', 'zlecenie piorytetowe', '8', '109', '472649174'),
	('mro≈ºonki', 'DƒÖbrowa G√≥rnicza', 'Katowice', '23-04-2020', 'SK10A83', NULL, '11', '110', '392740174'),
	('plastiki', 'Sosnowiec', '≈öwiƒôtochlowice', '23-04-2020', 'SK43152', 'wymaga oczenikania', '3', '110', '742819471'),
	('alkochol', 'Siemianowice ≈ölƒÖskie', 'Jelenia G√≥ra', '23-04-2020', 'SK00325', 'przejazd z mandatem karnym', '6', '110', '102181442'),
	('melale gospodarcze', 'Katowice', 'Katowice', '23-04-2020', 'SK31221', 'wymaga oczenikania', '7', '110', '842123511'),
	('czƒô≈õci samochodowe', 'Katowice', 'Katowice', '24-04-2020', 'SK10A83', 'wymaga oczenikania', '8', '111', '391746183'),
	('czƒô≈õci do maszyn budowlanych', 'Bielsko-Biala', 'Ostrolƒôka', '24-04-2020', 'SK43152', NULL, '11', '111', '799736180'),
	('drewno', 'Legnica', 'Radomsko', '24-04-2020', 'SK00325', NULL, '3', '111', '472649174'),
	('sammochody', 'Katowice', 'Katowice', '24-04-2020', 'SK31221', 'wymaga oczenikania', '6', '111', '392740174'),
	('AGD', 'Sosnowiec', 'Jaworzno', '25-04-2020', 'SK10A83', 'wymaga oczenikania', '7', '112', '742819471'),
	('sammochody', 'Siemianowice ≈ölƒÖskie', 'Katowice', '25-04-2020', 'SK43152', NULL, '8', '112', '102181442'),
	('RTV', 'Gorz√≥w Wielkopolski', 'Jastrzƒôbie-Zdr√≥j', '25-04-2020', 'SK00325', NULL, '11', '112', '842123511'),
	('drewno', 'Bƒôdzin', 'Biala Podlaska', '26-04-2020', 'SK31221', NULL, '3', '113', '391746183'),
	('papier', 'Bielsko-Biala', 'Sosnowiec', '26-04-2020', 'SK10A83', 'wymaga oczenikania', '6', '113', '799736180'),
	('warzywa', 'Katowice', 'Sosnowiec', '26-04-2020', 'SK43152', 'zlecenie piorytetowe', '7', '113', '472649174'),
	('sprzƒôt budowlany', 'Myslowice', 'Starachowice', '26-04-2020', 'SK00325', 'zlecenie piorytetowe', '8', '113', '392740174'),
	('sprzƒôt budowlany', 'Jelenia G√≥ra', 'Ruda ≈ölƒÖska', '26-04-2020', 'SK31221', NULL, '11', '113', '742819471'),
	('drewno', 'Jaworzno', 'Ostrolƒôka', '26-04-2020', 'SK10A83', NULL, '3', '113', '102181442'),
	('napoje', 'Rybnik', 'Starachowice', '27-04-2020', 'SK43152', 'przew√≥z specialny', '6', '114', '842123511'),
	('melale gospodarcze', 'Kƒôdzierzyn-Ko≈∫le', 'Katowice', '27-04-2020', 'SK00325', NULL, '7', '114', '391746183'),
	('alkochol', 'Zabrze', 'Katowice', '27-04-2020', 'SK31221', 'zlecenie piorytetowe', '8', '114', '799736180'),
	('alkochol', 'Gliwice', 'Ostr√≥w', '27-04-2020', 'SK10A83', NULL, '11', '114', '472649174'),
	('melale gospodarcze', 'Gliwice', 'Katowice', '27-04-2020', 'SK43152', NULL, '3', '114', '392740174'),
	('papier', 'Katowice', 'Sosnowiec', '28-04-2020', 'SK00325', NULL, '6', '115', '742819471'),
	('papier', 'Pruszk√≥w', 'Katowice', '28-04-2020', 'SK31221', 'wymaga oczenikania', '7', '115', '102181442'),
	('papier', 'Opole', 'Tarnobrzeg', '28-04-2020', 'SK10A83', NULL, '8', '115', '842123511'),
	('melale gospodarcze', 'Gliwice', 'Pulawy', '28-04-2020', 'SK43152', NULL, '11', '115', '391746183'),
	('sprzƒôt budowlany', 'Sosnowiec', 'Katowice', '29-04-2020', 'SK00325', 'zlecenie piorytetowe', '3', '116', '799736180'),
	('RTV', 'Sosnowiec', 'Stalowa Wola', '29-04-2020', 'SK31221', NULL, '6', '116', '472649174'),
	('sammochody', 'Sosnowiec', 'Siemianowice ≈ölƒÖskie', '29-04-2020', 'SK10A83', 'przejazd z mandatem karnym', '7', '116', '392740174'),
	('alkochol', 'Suwalki', 'Suwalki', '30-04-2020', 'SK43152', 'przew√≥z specialny', '8', '117', '742819471'),
	('PDK (produkty du≈ºej komsumpcji)', 'Gliwice', 'Jaworzno', '30-04-2020', 'SK00325', 'wymaga oczenikania', '11', '117', '102181442'),
	('PDK (produkty du≈ºej komsumpcji)', 'l√≥d≈∫', 'Katowice', '30-04-2020', 'SK31221', NULL, '3', '117', '842123511'),
	('RTV', 'Kƒôdzierzyn-Ko≈∫le', 'Katowice', '30-04-2020', 'SK10A83', 'wymaga oczenikania', '6', '117', '391746183'),
	('czƒô≈õci do maszyn budowlanych', 'Szczecin', 'Siemianowice ≈ölƒÖskie', '30-04-2020', 'SK43152', NULL, '7', '117', '799736180'),
	('AGD', 'Zgierz', 'Czƒôstochowa', '01-05-2020', 'SK00325', 'przejazd skontorlowany przez inspekcje', '8', '118', '472649174'),
	('drewno', 'Siemianowice ≈ölƒÖskie', 'Bielsko-Biala', '01-05-2020', 'SK31221', 'wymaga oczenikania', '11', '118', '392740174'),
	('drewno', 'Ruda ≈ölƒÖska', 'Rzesz√≥w', '01-05-2020', 'SK10A83', 'wymaga oczenikania', '3', '118', '742819471'),
	('alkochol', 'Katowice', 'Katowice', '02-05-2020', 'SK43152', 'przejazd skontorlowany przez inspekcje', '6', '119', '102181442'),
	('papier', 'Kalisz', 'Jaworzno', '02-05-2020', 'SK00325', NULL, '7', '119', '842123511'),
	('warzywa', 'Gdynia', 'Warszawa', '02-05-2020', 'SK31221', NULL, '8', '119', '391746183'),
	('plastiki', 'Bielsko-Biala', 'Pila', '02-05-2020', 'SK10A83', 'zlecenie piorytetowe', '11', '119', '799736180'),
	('AGD', 'Sosnowiec', 'Gda≈Ñsk', '02-05-2020', 'SK43152', 'przejazd z mandatem karnym', '3', '119', '472649174'),
	('AGD', 'Jaworzno', 'Elk', '02-05-2020', 'SK00325', 'przew√≥z specialny', '6', '119', '392740174'),
	('melale gospodarcze', 'Wloclawek', 'Katowice', '03-05-2020', 'SK31221', 'przejazd skontorlowany przez inspekcje', '7', '120', '742819471'),
	('sammochody', 'Ruda ≈ölƒÖska', 'Konin', '03-05-2020', 'SK10A83', NULL, '8', '120', '102181442'),
	('RTV', 'Wloclawek', '≈öwidnica', '03-05-2020', 'SK43152', NULL, '11', '120', '842123511'),
	('czƒô≈õci samolotowe', 'Sosnowiec', 'Katowice', '03-05-2020', 'SK00325', NULL, '3', '120', '391746183'),
	('AGD', 'Bytom', 'Jaworzno', '03-05-2020', 'SK31221', NULL, '6', '120', '799736180'),
	('drewno', 'Toru≈Ñ', 'Jelenia G√≥ra', '04-05-2020', 'SK10A83', NULL, '7', '121', '472649174'),
	('PDK (produkty du≈ºej komsumpcji)', 'Czƒôstochowa', 'Sosnowiec', '04-05-2020', 'SK43152', NULL, '8', '121', '392740174'),
	('napoje', 'Koszalin', 'Gliwice', '04-05-2020', 'SK00325', NULL, '11', '121', '742819471'),
	('alkochol', 'Sosnowiec', 'Wroclaw', '04-05-2020', 'SK31221', 'przew√≥z specialny', '3', '121', '102181442'),
	('PDK (produkty du≈ºej komsumpcji)', 'Jaworzno', 'Siemianowice ≈ölƒÖskie', '04-05-2020', 'SK10A83', NULL, '6', '121', '842123511'),
	('sammochody', 'Przemy≈õl', '≈ªory', '05-05-2020', 'SK43152', NULL, '7', '122', '391746183'),
	('RTV', 'Radomsko', 'Stalowa Wola', '05-05-2020', 'SK00325', 'wymaga oczenikania', '8', '122', '799736180'),
	('plastiki', 'Katowice', 'Katowice', '05-05-2020', 'SK31221', NULL, '11', '122', '472649174'),
	('papier', 'Katowice', 'Katowice', '05-05-2020', 'SK10A83', NULL, '3', '122', '392740174'),
	('czƒô≈õci samochodowe', 'Katowice', 'Gliwice', '06-05-2020', 'SK43152', 'wymaga oczenikania', '6', '123', '742819471'),
	('warzywa', 'Kolobrzeg', 'Ruda ≈ölƒÖska', '06-05-2020', 'SK00325', NULL, '7', '123', '102181442'),
	('papier', 'Piaseczno', 'Katowice', '06-05-2020', 'SK31221', 'przejazd skontorlowany przez inspekcje', '8', '123', '842123511'),
	('plastiki', 'Stargard', 'Elk', '06-05-2020', 'SK10A83', 'przejazd z mandatem karnym', '11', '123', '391746183'),
	('alkochol', 'Siemianowice ≈ölƒÖskie', 'Ruda ≈ölƒÖska', '06-05-2020', 'SK43152', 'przejazd skontorlowany przez inspekcje', '3', '123', '799736180'),
	('mro≈ºonki', 'Sosnowiec', 'Ruda ≈ölƒÖska', '07-05-2020', 'SK00325', NULL, '6', '124', '472649174'),
	('melale gospodarcze', 'Rzesz√≥w', 'Katowice', '07-05-2020', 'SK31221', NULL, '7', '124', '392740174'),
	('AGD', 'Katowice', 'Siemianowice ≈ölƒÖskie', '07-05-2020', 'SK10A83', 'przejazd skontorlowany przez inspekcje', '8', '124', '742819471'),
	('mro≈ºonki', 'Kƒôdzierzyn-Ko≈∫le', 'Chorz√≥w', '07-05-2020', 'SK43152', 'przejazd skontorlowany przez inspekcje', '11', '124', '102181442'),
	('alkochol', 'Mielec', 'Sosnowiec', '08-05-2020', 'SK00325', NULL, '3', '125', '842123511'),
	('sprzƒôt budowlany', 'Wroclaw', 'Jastrzƒôbie-Zdr√≥j', '08-05-2020', 'SK31221', 'wymaga oczenikania', '6', '125', '391746183'),
	('czƒô≈õci samolotowe', 'Ruda ≈ölƒÖska', 'Gliwice', '08-05-2020', 'SK10A83', NULL, '7', '125', '799736180'),
	('melale gospodarcze', 'Zabrze', 'Gniezno', '08-05-2020', 'SK43152', 'wymaga oczenikania', '8', '125', '472649174'),
	('czƒô≈õci samolotowe', 'Jelenia G√≥ra', '≈öwiƒôtochlowice', '08-05-2020', 'SK00325', 'przejazd skontorlowany przez inspekcje', '11', '125', '392740174'),
	('sprzƒôt budowlany', 'Jaworzno', 'Sosnowiec', '09-05-2020', 'SK31221', 'wymaga oczenikania', '3', '126', '742819471'),
	('warzywa', '≈ªory', 'Gliwice', '09-05-2020', 'SK10A83', 'przejazd skontorlowany przez inspekcje', '6', '126', '102181442'),
	('czƒô≈õci do maszyn budowlanych', 'Bƒôdzin', 'Katowice', '09-05-2020', 'SK43152', NULL, '7', '126', '842123511'),
	('RTV', 'Ruda ≈ölƒÖska', 'GrudziƒÖdz', '09-05-2020', 'SK00325', NULL, '8', '126', '391746183'),
	('alkochol', 'Gdynia', 'Siemianowice ≈ölƒÖskie', '10-05-2020', 'SK31221', 'zlecenie piorytetowe', '11', '127', '799736180'),
	('napoje', 'Tarnowskie G√≥ry', 'Pabianice', '10-05-2020', 'SK10A83', NULL, '3', '127', '472649174'),
	('warzywa', 'Myslowice', 'Pozna≈Ñ', '10-05-2020', 'SK43152', NULL, '6', '127', '392740174'),
	('czƒô≈õci samolotowe', 'Katowice', 'Jaworzno', '10-05-2020', 'SK00325', 'przejazd z mandatem karnym', '7', '127', '742819471'),
	('drewno', 'Ruda ≈ölƒÖska', 'Katowice', '10-05-2020', 'SK31221', 'przejazd z mandatem karnym', '8', '127', '102181442'),
	('PDK (produkty du≈ºej komsumpcji)', 'Katowice', 'Sosnowiec', '11-05-2020', 'SK10A83', NULL, '11', '128', '842123511'),
	('mro≈ºonki', 'Tarn√≥w', 'Katowice', '11-05-2020', 'SK43152', NULL, '3', '128', '391746183'),
	('czƒô≈õci do maszyn budowlanych', 'Biala Podlaska', 'Katowice', '11-05-2020', 'SK00325', NULL, '6', '128', '799736180'),
	('melale gospodarcze', 'Jaworzno', 'Katowice', '12-05-2020', 'SK31221', NULL, '7', '129', '472649174'),
	('melale gospodarcze', 'Gniezno', 'Ruda ≈ölƒÖska', '12-05-2020', 'SK10A83', NULL, '8', '129', '392740174'),
	('czƒô≈õci samolotowe', 'Katowice', 'Gliwice', '12-05-2020', 'SK43152', 'wymaga oczenikania', '11', '129', '742819471'),
	('czƒô≈õci do maszyn budowlanych', 'Inowroclaw', 'Chorz√≥w', '12-05-2020', 'SK00325', NULL, '3', '129', '102181442'),
	('czƒô≈õci samolotowe', 'Gliwice', 'Ruda ≈ölƒÖska', '13-05-2020', 'SK31221', NULL, '6', '130', '842123511'),
	('PDK (produkty du≈ºej komsumpcji)', 'Katowice', 'Ruda ≈ölƒÖska', '13-05-2020', 'SK10A83', NULL, '7', '130', '391746183'),
	('alkochol', 'Sosnowiec', 'Jelenia G√≥ra', '13-05-2020', 'SK43152', 'przejazd z mandatem karnym', '8', '130', '799736180'),
	('drewno', 'Chelm', 'Mielec', '13-05-2020', 'SK00325', NULL, '11', '130', '472649174'),
	('sprzƒôt budowlany', 'Warszawa', 'Tomasz√≥w Mazowiecki', '14-05-2020', 'SK31221', NULL, '3', '131', '392740174'),
	('czƒô≈õci samolotowe', 'Ruda ≈ölƒÖska', 'Ruda ≈ölƒÖska', '14-05-2020', 'SK10A83', 'wymaga oczenikania', '6', '131', '742819471'),
	('AGD', 'Katowice', 'Wodzislaw ≈ölƒÖski', '14-05-2020', 'SK43152', NULL, '7', '131', '102181442'),
	('drewno', 'Pruszk√≥w', 'Ruda ≈ölƒÖska', '14-05-2020', 'SK00325', NULL, '8', '131', '842123511'),
	('AGD', 'Lom≈ºa', 'Siemianowice ≈ölƒÖskie', '14-05-2020', 'SK31221', NULL, '11', '131', '391746183'),
	('papier', 'Walbrzych', 'Jaworzno', '15-05-2020', 'SK10A83', NULL, '3', '132', '799736180'),
	('warzywa', 'Ruda ≈ölƒÖska', 'Leszno', '15-05-2020', 'SK43152', NULL, '6', '132', '472649174'),
	('sprzƒôt budowlany', 'Sosnowiec', 'Ruda ≈ölƒÖska', '15-05-2020', 'SK00325', 'zlecenie piorytetowe', '7', '132', '392740174'),
	('drewno', 'Tarnobrzeg', 'Chorz√≥w', '15-05-2020', 'SK31221', NULL, '8', '132', '742819471'),
	('drewno', 'Wroclaw', 'Tczew', '15-05-2020', 'SK10A83', NULL, '11', '132', '102181442'),
	('mro≈ºonki', 'Szczecin', 'Ruda ≈ölƒÖska', '16-05-2020', 'SK43152', NULL, '3', '133', '842123511'),
	('mro≈ºonki', 'Bielsko-Biala', 'Katowice', '16-05-2020', 'SK00325', 'przejazd z mandatem karnym', '6', '133', '391746183'),
	('AGD', 'Krak√≥w', 'Katowice', '16-05-2020', 'SK31221', 'wymaga oczenikania', '7', '133', '799736180'),
	('czƒô≈õci samochodowe', 'Bialystok', 'Bielsko-Biala', '16-05-2020', 'SK10A83', NULL, '8', '133', '472649174'),
	('RTV', 'Bƒôdzin', 'Krak√≥w', '16-05-2020', 'SK43152', 'wymaga oczenikania', '11', '133', '392740174'),
	('sprzƒôt budowlany', 'Gniezno', 'Ruda ≈ölƒÖska', '17-05-2020', 'SK00325', NULL, '3', '134', '742819471'),
	('czƒô≈õci do maszyn budowlanych', 'Lubin', 'Bielsko-Biala', '19-05-2020', 'SK31221', NULL, '6', '136', '102181442'),
	('czƒô≈õci do maszyn budowlanych', 'Ruda ≈ölƒÖska', 'Pulawy', '19-05-2020', 'SK10A83', 'wymaga oczenikania', '7', '136', '842123511'),
	('RTV', 'Katowice', 'Katowice', '19-05-2020', 'SK43152', NULL, '8', '136', '391746183'),
	('czƒô≈õci samolotowe', 'Jaworzno', 'Chorz√≥w', '19-05-2020', 'SK00325', NULL, '11', '136', '799736180'),
	('alkochol', 'Gliwice', 'Leszno', '19-05-2020', 'SK31221', NULL, '3', '136', '472649174'),
	('warzywa', 'Katowice', 'Jaworzno', '20-05-2020', 'SK10A83', NULL, '6', '137', '392740174'),
	('czƒô≈õci samochodowe', 'Bielsko-Biala', 'Glog√≥w', '20-05-2020', 'SK43152', NULL, '7', '137', '742819471'),
	('alkochol', 'Bialystok', 'Gorz√≥w Wielkopolski', '20-05-2020', 'SK00325', NULL, '8', '137', '102181442'),
	('RTV', 'Radom', 'Katowice', '20-05-2020', 'SK31221', NULL, '11', '137', '842123511'),
	('drewno', 'Katowice', 'Katowice', '20-05-2020', 'SK10A83', 'przejazd skontorlowany przez inspekcje', '3', '137', '391746183'),
	('melale gospodarcze', 'Belchat√≥w', 'Krak√≥w', '20-05-2020', 'SK43152', NULL, '6', '137', '799736180'),
	('plastiki', 'Pozna≈Ñ', 'Ruda ≈ölƒÖska', '21-05-2020', 'SK00325', NULL, '7', '138', '472649174'),
	('sammochody', 'Katowice', 'Krosno', '21-05-2020', 'SK31221', 'wymaga oczenikania', '8', '138', '392740174'),
	('plastiki', 'Stargard', 'Jaworzno', '21-05-2020', 'SK10A83', NULL, '11', '138', '742819471'),
	('PDK (produkty du≈ºej komsumpcji)', 'Lublin', 'Katowice', '21-05-2020', 'SK43152', NULL, '3', '138', '102181442'),
	('napoje', 'Radom', 'Katowice', '21-05-2020', 'SK00325', 'wymaga oczenikania', '6', '138', '842123511'),
	('napoje', 'Gliwice', 'Bydgoszcz', '23-05-2020', 'SK31221', NULL, '7', '140', '391746183'),
	('drewno', 'Siedlce', 'Rybnik', '23-05-2020', 'SK10A83', NULL, '8', '140', '799736180'),
	('alkochol', 'Katowice', 'Sosnowiec', '23-05-2020', 'SK43152', NULL, '11', '140', '472649174'),
	('czƒô≈õci do maszyn budowlanych', 'Gliwice', 'Gdynia', '23-05-2020', 'SK00325', 'wymaga oczenikania', '3', '140', '392740174'),
	('plastiki', 'Walbrzych', 'Gliwice', '24-05-2020', 'SK31221', 'wymaga oczenikania', '6', '141', '742819471'),
	('RTV', 'Kalisz', 'Gliwice', '24-05-2020', 'SK10A83', NULL, '7', '141', '102181442'),
	('warzywa', 'Bydgoszcz', 'Jastrzƒôbie-Zdr√≥j', '24-05-2020', 'SK43152', NULL, '8', '141', '842123511'),
	('AGD', 'Biala Podlaska', 'Piotrk√≥w', '24-05-2020', 'SK00325', NULL, '11', '141', '391746183'),
	('sammochody', 'Jaworzno', 'Katowice', '24-05-2020', 'SK31221', NULL, '3', '141', '799736180'),
	('czƒô≈õci samochodowe', 'Radom', 'Katowice', '25-05-2020', 'SK10A83', 'zlecenie piorytetowe', '6', '142', '472649174'),
	('sammochody', 'Ruda ≈ölƒÖska', 'Ruda ≈ölƒÖska', '25-05-2020', 'SK43152', 'zlecenie piorytetowe', '7', '142', '392740174'),
	('warzywa', 'Jaworzno', 'Zawiercie', '25-05-2020', 'SK00325', 'wymaga oczenikania', '8', '142', '742819471'),
	('sammochody', 'Katowice', 'Katowice', '25-05-2020', 'SK31221', 'wymaga oczenikania', '11', '142', '102181442'),
	('czƒô≈õci samochodowe', 'Siemianowice ≈ölƒÖskie', 'Jaworzno', '26-05-2020', 'SK10A83', NULL, '3', '143', '842123511'),
	('mro≈ºonki', 'Jaworzno', 'Gniezno', '26-05-2020', 'SK43152', 'przew√≥z specialny', '6', '143', '391746183'),
	('PDK (produkty du≈ºej komsumpcji)', 'Katowice', 'DƒÖbrowa G√≥rnicza', '26-05-2020', 'SK00325', 'przew√≥z specialny', '7', '143', '799736180'),
	('sammochody', 'Inowroclaw', 'Katowice', '26-05-2020', 'SK31221', NULL, '8', '143', '472649174'),
	('melale gospodarcze', 'Katowice', 'Sosnowiec', '26-05-2020', 'SK10A83', NULL, '11', '143', '392740174'),
	('czƒô≈õci samolotowe', 'Katowice', 'Mielec', '27-05-2020', 'SK43152', NULL, '3', '144', '742819471'),
	('czƒô≈õci samolotowe', 'Gliwice', 'Gniezno', '27-05-2020', 'SK00325', 'zlecenie piorytetowe', '6', '144', '102181442'),
	('warzywa', 'Suwalki', 'Jaworzno', '27-05-2020', 'SK31221', NULL, '7', '144', '842123511'),
	('czƒô≈õci samochodowe', 'Gliwice', '≈öwidnica', '28-05-2020', 'SK10A83', NULL, '8', '145', '391746183'),
	('sprzƒôt budowlany', 'Koszalin', 'Rybnik', '28-05-2020', 'SK43152', 'przejazd skontorlowany przez inspekcje', '11', '145', '799736180'),
	('sprzƒôt budowlany', 'Sosnowiec', 'Rumia', '28-05-2020', 'SK00325', 'przejazd skontorlowany przez inspekcje', '3', '145', '472649174'),
	('papier', 'Zawiercie', 'Pabianice', '28-05-2020', 'SK31221', NULL, '6', '145', '392740174'),
	('czƒô≈õci samolotowe', 'Skar≈ºysko-Kamienna', 'Suwalki', '28-05-2020', 'SK10A83', 'zlecenie piorytetowe', '7', '145', '742819471'),
	('czƒô≈õci samochodowe', 'Jaworzno', 'Siemianowice ≈ölƒÖskie', '29-05-2020', 'SK43152', 'przew√≥z specialny', '8', '146', '102181442'),
	('mro≈ºonki', 'Sosnowiec', 'Skar≈ºysko-Kamienna', '29-05-2020', 'SK00325', NULL, '11', '146', '842123511'),
	('RTV', 'Ruda ≈ölƒÖska', 'Bƒôdzin', '29-05-2020', 'SK31221', NULL, '3', '146', '391746183'),
	('czƒô≈õci samochodowe', 'Ostrolƒôka', 'Gniezno', '29-05-2020', 'SK10A83', NULL, '6', '146', '799736180'),
	('AGD', 'Gliwice', 'Siedlce', '29-05-2020', 'SK43152', 'wymaga oczenikania', '7', '146', '472649174'),
	('drewno', 'Siemianowice ≈ölƒÖskie', '≈öwiƒôtochlowice', '30-05-2020', 'SK00325', NULL, '8', '147', '392740174'),
	('alkochol', 'Bielsko-Biala', 'Rumia', '30-05-2020', 'SK31221', 'przejazd skontorlowany przez inspekcje', '11', '147', '742819471'),
	('mro≈ºonki', 'Ostrowiec ≈öwiƒôtokrzyski', 'Legionowo', '30-05-2020', 'SK10A83', 'wymaga oczenikania', '3', '147', '102181442'),
	('plastiki', 'Jaworzno', 'Katowice', '31-05-2020', 'SK43152', NULL, '6', '148', '842123511'),
	('PDK (produkty du≈ºej komsumpcji)', 'Sosnowiec', 'Ruda ≈ölƒÖska', '31-05-2020', 'SK00325', NULL, '7', '148', '391746183'),
	('alkochol', 'Lom≈ºa', 'Katowice', '31-05-2020', 'SK31221', NULL, '8', '148', '799736180'),
	('czƒô≈õci samochodowe', 'Wroclaw', 'Katowice', '31-05-2020', 'SK10A83', NULL, '11', '148', '472649174'),
	('sammochody', 'GrudziƒÖdz', 'Lublin', '31-05-2020', 'SK43152', 'wymaga oczenikania', '3', '148', '392740174'),
	('AGD', 'Bƒôdzin', 'Przemy≈õl', '01-06-2020', 'SK00325', NULL, '6', '149', '742819471'),
	('sprzƒôt budowlany', 'Biala Podlaska', 'Katowice', '01-06-2020', 'SK31221', NULL, '7', '149', '102181442'),
	('sammochody', 'Myslowice', 'Krosno', '01-06-2020', 'SK10A83', NULL, '8', '149', '842123511'),
	('czƒô≈õci samolotowe', 'Ostrolƒôka', 'Katowice', '01-06-2020', 'SK43152', NULL, '11', '149', '391746183'),
	('papier', 'Bielsko-Biala', 'Sosnowiec', '02-06-2020', 'SK00325', 'zlecenie piorytetowe', '3', '150', '799736180'),
	('plastiki', 'Pulawy', 'Mielec', '02-06-2020', 'SK31221', 'wymaga oczenikania', '6', '150', '472649174'),
	('sammochody', 'Gliwice', '≈öwidnica', '02-06-2020', 'SK10A83', 'wymaga oczenikania', '7', '150', '392740174'),
	('warzywa', 'Tczew', 'Katowice', '03-06-2020', 'SK43152', NULL, '8', '151', '742819471'),
	('melale gospodarcze', 'Siemianowice ≈ölƒÖskie', 'Katowice', '03-06-2020', 'SK00325', NULL, '11', '151', '102181442'),
	('czƒô≈õci do maszyn budowlanych', 'Gliwice', 'Gliwice', '03-06-2020', 'SK31221', 'wymaga oczenikania', '3', '151', '842123511'),
	('czƒô≈õci samochodowe', 'Katowice', 'Katowice', '03-06-2020', 'SK10A83', NULL, '6', '151', '391746183'),
	('sprzƒôt budowlany', 'Katowice', 'Piaseczno', '03-06-2020', 'SK43152', NULL, '7', '151', '799736180'),
	('czƒô≈õci do maszyn budowlanych', 'GrudziƒÖdz', 'Bielsko-Biala', '04-06-2020', 'SK00325', NULL, '8', '152', '472649174'),
	('PDK (produkty du≈ºej komsumpcji)', 'Wejherowo', 'Radomsko', '04-06-2020', 'SK31221', NULL, '11', '152', '392740174'),
	('alkochol', 'Ruda ≈ölƒÖska', 'Katowice', '04-06-2020', 'SK10A83', NULL, '3', '152', '742819471'),
	('AGD', 'Katowice', 'Ruda ≈ölƒÖska', '05-06-2020', 'SK43152', 'wymaga oczenikania', '6', '153', '102181442'),
	('RTV', 'Sosnowiec', 'Legionowo', '05-06-2020', 'SK00325', NULL, '7', '153', '842123511'),
	('czƒô≈õci samochodowe', 'Bydgoszcz', 'Mielec', '05-06-2020', 'SK31221', 'wymaga oczenikania', '8', '153', '391746183'),
	('warzywa', 'Przemy≈õl', 'Siemianowice ≈ölƒÖskie', '05-06-2020', 'SK10A83', 'wymaga oczenikania', '11', '153', '799736180'),
	('PDK (produkty du≈ºej komsumpcji)', 'Sosnowiec', '≈öwiƒôtochlowice', '05-06-2020', 'SK43152', NULL, '3', '153', '472649174'),
	('drewno', 'Czƒôstochowa', 'Jaworzno', '06-06-2020', 'SK00325', NULL, '6', '154', '392740174'),
	('papier', 'Stalowa Wola', 'Katowice', '06-06-2020', 'SK31221', NULL, '7', '154', '742819471'),
	('AGD', 'Racib√≥rz', 'Katowice', '06-06-2020', 'SK10A83', NULL, '8', '154', '102181442'),
	('plastiki', 'Ruda ≈ölƒÖska', 'Tarnobrzeg', '06-06-2020', 'SK43152', NULL, '11', '154', '842123511'),
	('AGD', 'Jaworzno', 'Katowice', '07-06-2020', 'SK00325', NULL, '3', '155', '391746183'),
	('czƒô≈õci samolotowe', 'Walbrzych', 'Tychy', '07-06-2020', 'SK31221', NULL, '6', '155', '799736180'),
	('mro≈ºonki', 'Katowice', 'Piaseczno', '08-06-2020', 'SK10A83', 'wymaga oczenikania', '7', '156', '472649174'),
	('warzywa', 'Katowice', 'Skar≈ºysko-Kamienna', '08-06-2020', 'SK43152', 'zlecenie piorytetowe', '8', '156', '392740174'),
	('napoje', 'Tomasz√≥w Mazowiecki', 'Biala Podlaska', '08-06-2020', 'SK00325', 'zlecenie piorytetowe', '11', '156', '742819471'),
	('sprzƒôt budowlany', 'Ruda ≈ölƒÖska', 'Jaworzno', '08-06-2020', 'SK31221', NULL, '3', '156', '102181442'),
	('warzywa', 'Jaworzno', 'Slupsk', '09-06-2020', 'SK10A83', NULL, '6', '157', '842123511'),
	('napoje', 'Chelm', 'Katowice', '09-06-2020', 'SK43152', NULL, '7', '157', '391746183'),
	('papier', 'Gdynia', 'Gliwice', '09-06-2020', 'SK00325', 'zlecenie piorytetowe', '8', '157', '799736180'),
	('papier', 'Katowice', 'Legionowo', '10-06-2020', 'SK31221', NULL, '11', '158', '472649174'),
	('sprzƒôt budowlany', 'Katowice', 'Walbrzych', '10-06-2020', 'SK10A83', 'przejazd z mandatem karnym', '3', '158', '392740174'),
	('papier', 'Wroclaw', 'Katowice', '10-06-2020', 'SK43152', NULL, '6', '158', '742819471'),
	('warzywa', 'Jaworzno', 'Nowy SƒÖcz', '11-06-2020', 'SK00325', NULL, '7', '159', '102181442'),
	('drewno', 'Ruda ≈ölƒÖska', 'Ruda ≈ölƒÖska', '11-06-2020', 'SK31221', NULL, '8', '159', '842123511'),
	('sammochody', '≈öwiƒôtochlowice', 'Jaworzno', '11-06-2020', 'SK10A83', NULL, '11', '159', '391746183'),
	('napoje', 'Tarnowskie G√≥ry', 'Bialystok', '12-06-2020', 'SK43152', 'zlecenie piorytetowe', '3', '160', '799736180'),
	('plastiki', 'Koszalin', 'Lublin', '12-06-2020', 'SK00325', NULL, '6', '160', '472649174'),
	('warzywa', 'Zamo≈õƒá', 'Ruda ≈ölƒÖska', '12-06-2020', 'SK31221', NULL, '7', '160', '392740174'),
	('PDK (produkty du≈ºej komsumpcji)', 'Chorz√≥w', 'l√≥d≈∫', '12-06-2020', 'SK10A83', NULL, '8', '160', '742819471'),
	('melale gospodarcze', 'GrudziƒÖdz', 'Jaworzno', '12-06-2020', 'SK43152', NULL, '11', '160', '102181442'),
	('papier', 'Ruda ≈ölƒÖska', 'Kƒôdzierzyn-Ko≈∫le', '13-06-2020', 'SK00325', 'przejazd z mandatem karnym', '3', '161', '842123511'),
	('czƒô≈õci samolotowe', 'Bƒôdzin', 'Biala Podlaska', '13-06-2020', 'SK31221', NULL, '6', '161', '391746183'),
	('warzywa', 'Sosnowiec', 'Przemy≈õl', '14-06-2020', 'SK10A83', NULL, '7', '162', '799736180'),
	('papier', 'Jelenia G√≥ra', 'Zawiercie', '14-06-2020', 'SK43152', NULL, '8', '162', '472649174'),
	('czƒô≈õci samolotowe', 'Ruda ≈ölƒÖska', 'Ruda ≈ölƒÖska', '14-06-2020', 'SK00325', NULL, '11', '162', '392740174'),
	('czƒô≈õci samochodowe', 'Katowice', 'Katowice', '15-06-2020', 'SK31221', NULL, '3', '163', '742819471'),
	('czƒô≈õci do maszyn budowlanych', 'Ruda ≈ölƒÖska', 'Walbrzych', '15-06-2020', 'SK10A83', NULL, '6', '163', '102181442'),
	('napoje', 'Pozna≈Ñ', 'Siemianowice ≈ölƒÖskie', '15-06-2020', 'SK43152', 'wymaga oczenikania', '7', '163', '842123511'),
	('PDK (produkty du≈ºej komsumpcji)', 'Gliwice', 'Katowice', '15-06-2020', 'SK00325', 'przew√≥z specialny', '8', '163', '391746183'),
	('czƒô≈õci do maszyn budowlanych', 'Nowy SƒÖcz', 'Katowice', '15-06-2020', 'SK31221', NULL, '11', '163', '799736180'),
	('czƒô≈õci do maszyn budowlanych', 'Jaworzno', 'Katowice', '15-06-2020', 'SK10A83', 'wymaga oczenikania', '3', '163', '472649174'),
	('czƒô≈õci do maszyn budowlanych', 'Sosnowiec', 'Sosnowiec', '16-06-2020', 'SK43152', NULL, '6', '164', '392740174'),
	('RTV', 'Katowice', 'Lublin', '16-06-2020', 'SK00325', NULL, '7', '164', '742819471'),
	('papier', 'Jaworzno', 'Jaworzno', '16-06-2020', 'SK31221', 'wymaga oczenikania', '8', '164', '102181442'),
	('RTV', 'Kolobrzeg', 'Bielsko-Biala', '16-06-2020', 'SK10A83', NULL, '11', '164', '842123511'),
	('warzywa', 'Chelm', 'Katowice', '16-06-2020', 'SK43152', NULL, '3', '164', '391746183'),
	('czƒô≈õci samolotowe', 'Sosnowiec', 'Ostrowiec ≈öwiƒôtokrzyski', '17-06-2020', 'SK00325', NULL, '6', '165', '799736180'),
	('warzywa', 'Siemianowice ≈ölƒÖskie', 'Gliwice', '17-06-2020', 'SK31221', NULL, '7', '165', '472649174'),
	('mro≈ºonki', 'Katowice', 'Pulawy', '17-06-2020', 'SK10A83', NULL, '8', '165', '392740174'),
	('czƒô≈õci do maszyn budowlanych', 'Gda≈Ñsk', 'Katowice', '17-06-2020', 'SK43152', NULL, '11', '165', '742819471'),
	('sprzƒôt budowlany', 'Tarnowskie G√≥ry', 'Ostr√≥w', '18-06-2020', 'SK00325', NULL, '3', '166', '102181442'),
	('plastiki', 'Lubin', 'Ruda ≈ölƒÖska', '18-06-2020', 'SK31221', 'wymaga oczenikania', '6', '166', '842123511'),
	('melale gospodarcze', 'Konin', 'Piotrk√≥w', '18-06-2020', 'SK10A83', NULL, '7', '166', '391746183'),
	('papier', '≈ªory', 'Krosno', '18-06-2020', 'SK43152', 'wymaga oczenikania', '8', '166', '799736180'),
	('drewno', 'Elk', 'Skar≈ºysko-Kamienna', '18-06-2020', 'SK00325', NULL, '11', '166', '472649174'),
	('drewno', 'Bielsko-Biala', 'Gliwice', '18-06-2020', 'SK31221', 'wymaga oczenikania', '3', '166', '392740174'),
	('AGD', 'Ruda ≈ölƒÖska', 'Siedlce', '19-06-2020', 'SK10A83', NULL, '6', '167', '742819471'),
	('PDK (produkty du≈ºej komsumpcji)', 'Wodzislaw ≈ölƒÖski', 'Radom', '19-06-2020', 'SK43152', NULL, '7', '167', '102181442'),
	('warzywa', 'Katowice', 'Gliwice', '19-06-2020', 'SK00325', NULL, '8', '167', '842123511'),
	('czƒô≈õci samochodowe', 'Katowice', 'Plock', '19-06-2020', 'SK31221', NULL, '11', '167', '391746183'),
	('warzywa', 'Ostr√≥w', 'Katowice', '19-06-2020', 'SK10A83', 'wymaga oczenikania', '3', '167', '799736180'),
	('napoje', 'Sosnowiec', 'Kolobrzeg', '20-06-2020', 'SK00325', 'przejazd skontorlowany przez inspekcje', '11', '168', '472649174'),
	('PDK (produkty du≈ºej komsumpcji)', 'Katowice', 'Katowice', '20-06-2020', 'SK31221', 'wymaga oczenikania', '15', '168', '392740174'),
	('sprzƒôt budowlany', 'Sosnowiec', 'Ruda ≈ölƒÖska', '20-06-2020', 'SK10A83', NULL, '3', '168', '742819471'),
	('sprzƒôt budowlany', 'Toru≈Ñ', 'Katowice', '20-06-2020', 'SK22391', NULL, '6', '168', '102181442');
