2020-06-24 17:41:30.526 CEST [5116] DZIENNIK:  dzia≥anie systemu bazy danych zosta≥o przerwane; ostatnie znane podniesienie 2020-06-24 17:40:17 CEST
2020-06-24 17:41:35.951 CEST [5116] DZIENNIK:  system bazy danych nie zosta≥ poprawnie zamkniÍty; trwa automatyczne odzyskiwanie
2020-06-24 17:41:35.961 CEST [5116] DZIENNIK:  ponowienie uruchamia siÍ w 0/1A26EB0
2020-06-24 17:41:35.962 CEST [5116] DZIENNIK:  niepoprawna d≥ugoúÊ rekordu w 0/1A26F98: oczekiwana 24, jest 0
2020-06-24 17:41:35.962 CEST [5116] DZIENNIK:  ponowienie wykonane w 0/1A26F60
2020-06-24 17:41:36.049 CEST [4484] DZIENNIK:  system bazy danych jest gotowy do przyjmowania po≥πczeÒ
2020-06-24 17:52:37.567 CEST [12788] KATASTROFALNY:  baza danych "\" nie istnieje
2020-06-24 17:55:42.661 CEST [9212] B≈ÅƒÑD:  relacja "wyplaty" ju≈º istnieje
2020-06-24 17:55:42.661 CEST [9212] WYRA≈ªENIE:  CREATE TABLE wyplaty (id_pracownika INT PRIMARY KEY UNIQUE NOT NULL,
	  imie CHAR(50) NOT NULL,
	  nazwisko CHAR(50) NOT NULL,
	  pesel CHAR(11) NOT NULL,
	  nr_konta CHAR(26) NOT NULL,
	  miejsce_zamieszkania CHAR(70) NOT NULL,
	  telefon CHAR(9) NOT NULL,
	  data_zatrudnienia DATE NOT NULL,
	  data_konca_umowy DATE,
	  stanowiska CHAR(50) NOT NULL);
2020-06-24 18:17:47.254 CEST [9212] B≈ÅƒÑD:  b≈ÇƒÖd sk≈Çadni w lub blisko "', '" przy znaku 130
2020-06-24 18:17:47.254 CEST [9212] WYRA≈ªENIE:  INSERT INTO klienci(imie, nazwisko, telefon, pesel, dodatkowe_informacje)
	VALUES
	('OLIWIA', 'OSTROWSKI', '786415657', 86082288488', 'klient prywatny'),
	('B≈ÅA≈ªEJ', 'SIKORA', '726607994', 76022773954', 'klient sta≈Çy'),
	('SARA', 'KAMI≈ÉSKI', '619729307', 73061622498', 'klient sta≈Çy'),
	('KSAWERY', 'KRAWCZYK', '600241462', 66100871663', 'klient prywatny'),
	('JADWIGA', 'KOWALSKI', '698798583', 91041598452', 'klient zagraniczny'),
	('RITA', 'KR√ìL', '607447981', 95083133789', 'klient zagraniczny'),
	('IGNACY', 'NOWAKOWSKI', '535592945', 86030642355', 'klient sta≈Çy'),
	('PRZEMYS≈ÅAW', 'OSTROWSKI', '605808481', 92013114335', 'klient wa≈ºny'),
	('SARA', 'KR√ìL', '522711970', 84120764914', NULL),
	('ADA', 'PAWLAK', '537927576', 00241334546', 'klient zagraniczny'),
	('EMMA', 'STƒòPIE≈É', '667150073', 91042286622', 'klient zagraniczny'),
	('DANIEL', 'PAW≈ÅOWSKI', '621935137', 51110652647', 'klient sta≈Çy'),
	('KAROL', 'DƒÑBROWSKI', '526487670', 91122757477', NULL),
	('OLIVIA', 'OLSZEWSKI', '636859445', 39111278365', NULL),
	('PAWE≈Å', 'OSTROWSKI', '616927932', 90051652288', NULL),
	('FELIKS', 'MICHALSKI', '784625499', 60061474194', 'klient sta≈Çy'),
	('SZYMON', 'DƒÑBROWSKI', '532770199', 82020645748', 'klient prywatny'),
	('MATYLDA', 'KOZ≈ÅOWSKI', '562102121', 71022881599', NULL),
	('LILIANNA', 'ZIELI≈ÉSKI', '516678232', 99052799927', 'klient wa≈ºny'),
	('JOANNA', 'MAJEWSKI', '610011349', 94112871948', 'klient zagraniczny'),
	('WIKTOR', 'WALCZAK', '592465073', 92082028531', NULL),
	('NELA', 'KOZ≈ÅOWSKI', '614829649', 85061592143', NULL),
	('KAZIMIERZ', 'MALINOWSKI', '509311948', 70021117346', NULL),
	('DANIEL', 'WITKOWSKI', '678576045', 55051533261', 'klient prywatny'),
	('ROZALIA', 'SZYMA≈ÉSKI', '601831230', 00243069998', NULL),
	('WIKTORIA', 'WO≈πNIAK', '590784178', 44091893725', 'klient wa≈ºny'),
	('STANIS≈ÅAW', 'JANKOWSKI', '562474011', 47050474287', NULL),
	('OLGA', 'RUTKOWSKI', '625561689', 82040923774', 'klient sta≈Çy'),
	('LENA', 'JANKOWSKI', '758518768', 75121343671', NULL),
	('PAWE≈Å', 'MAJEWSKI', '711327636', 80101698698', 'klient zagraniczny'),
	('IDA', 'KR√ìL', '609041387', 97042596741', NULL),
	('DAWID', 'WALCZAK', '660233683', 40082783497', NULL),
	('MARIA', 'JAB≈ÅO≈ÉSKI', '579578903', 78101627778', NULL),
	('PAWE≈Å', 'W√ìJCIK', '607617392', 51060882338', NULL),
	('MAREK', 'PAWLAK', '728062736', 97030278723', NULL);
	'
	)
	;
2020-06-24 18:56:40.292 CEST [9212] DZIENNIK:  nie mo≈ºna otrzymaƒá danych od klienta: unrecognized winsock error 10054
