2020-06-21 00:11:01.771 CEST [13920] B≈ÅƒÑD:  kolumna "nr_tranzacji" relacji "tranzakcje" nie istnieje
2020-06-21 00:11:01.771 CEST [13920] WYRA≈ªENIE:  ALTER TABLE tranzakcje 
	ALTER COLUMN nr_tranzacji
	SET DEFAULT nextval('seq_nr_tranazkcji');
2020-06-21 00:11:07.682 CEST [13920] B≈ÅƒÑD:  relacja "seq_id_tranazkcji" nie istnieje
2020-06-21 00:11:07.682 CEST [13920] WYRA≈ªENIE:  ALTER SEQUENCE seq_id_tranazkcji OWNED BY
	tranzakcje.nr_tra
	;
2020-06-21 00:11:33.215 CEST [13920] B≈ÅƒÑD:  relacja "seq_id_tranazkcji" nie istnieje
2020-06-21 00:11:33.215 CEST [13920] WYRA≈ªENIE:  ALTER SEQUENCE seq_id_tranazkcji OWNED BY
	tranzakcje.nr_tranzacji;
2020-06-21 00:11:50.668 CEST [13920] B≈ÅƒÑD:  kolumna "nr_tranzacji" relacji "tranzakcje" nie istnieje
2020-06-21 00:11:50.668 CEST [13920] WYRA≈ªENIE:  ALTER SEQUENCE seq_nr_tranazkcji OWNED BY
	tranzakcje.nr_tranzacji;
2020-06-21 01:20:41.811 CEST [13920] DZIENNIK:  nie mo≈ºna otrzymaƒá danych od klienta: unrecognized winsock error 10054
2020-06-21 01:20:45.026 CEST [10544] DZIENNIK:  nie mo≈ºna otrzymaƒá danych od klienta: unrecognized winsock error 10054
2020-06-21 14:42:57.387 CEST [8272] B≈ÅƒÑD:  b≈ÇƒÖd sk≈Çadni w lub blisko "VALUSE" przy znaku 54
2020-06-21 14:42:57.387 CEST [8272] WYRA≈ªENIE:  INSERT INTO klienci (imie, nazwisko, telefon, pesel)
	VALUSE
	;
2020-06-21 14:44:43.099 CEST [8272] B≈ÅƒÑD:  znak sekwencjƒÖ bajt√≥w 0x98 kodowany w "WIN1250" nie ma r√≥wnowa≈ºnego w kodowaniu "UTF8"
2020-06-21 14:47:33.833 CEST [8272] B≈ÅƒÑD:  b≈ÇƒÖd sk≈Çadni w lub blisko "VALUSE" przy znaku 54
2020-06-21 14:47:33.833 CEST [8272] WYRA≈ªENIE:  INSERT INTO klienci (imie, nazwisko, telefon, pesel)
	VALUSE
	('Karol', 'Cieslawski', 604784453, 99012301217),
	('Damian', 'Lukas', 532124654, 99082901583);
2020-06-21 14:48:26.018 CEST [8272] B≈ÅƒÑD:  liczba ca≈Çkowita poza zakresem
2020-06-21 14:48:26.018 CEST [8272] WYRA≈ªENIE:  INSERT INTO klienci (imie, nazwisko, telefon, pesel)
	VALUES
	('Karol', 'Cieslawski', 604784453, 99012301217),
	('Damian', 'Lukas', 532124654, 99082901583);
2020-06-21 14:56:25.207 CEST [8272] B≈ÅƒÑD:  pusta warto≈õƒá w kolumnie "id_klienta" narusza ograniczenie wymaganej warto≈õci
2020-06-21 14:56:25.207 CEST [8272] SZCZEG√ì≈ÅY:  Niepoprawne ograniczenia wiersza (null, Karol                                             , Cieslawski                                        , 604784453, 99012301217, null).
2020-06-21 14:56:25.207 CEST [8272] WYRA≈ªENIE:  INSERT INTO klienci (imie, nazwisko, telefon, pesel)
	VALUES
	('Karol', 'Cieslawski', 604784453, 99012301217),
	('Damian', 'Lukas', 532124654, 99082901583);
2020-06-21 15:22:43.690 CEST [8272] B≈ÅƒÑD:  b≈ÇƒÖd sk≈Çadni w lub blisko "VALUSES" przy znaku 52
2020-06-21 15:22:43.690 CEST [8272] WYRA≈ªENIE:  INSERT INTO klienci(imie, nazwisko, telefon, pesel)VALUSES
	('KARINA', 'MAJEWSKI', '782008948', '58022655836),
	('RAFA≈•', 'ZAJ¬§C', '562474011', '61040718746),
	('KINGA', 'NOWAKOWSKI', '616927932', '86122035674),
	('STEFANIA', 'WOJCIECHOWSKI', '726607994', '73122628515),
	('ALAN', 'JANKOWSKI', '614829649', '68042037596),
	('MARCIN', 'DUDEK', '647029361', '57022481762),
	('BIANKA', 'KOWALCZYK', '698798583', '80031128265),
	('FELIKS', 'OSTROWSKI', '741153260', '81010121349),
	('GRACJAN', 'JAB≈•OƒÉSKI', '579578903', '86122035674),
	('JOANNA', 'MAZUR', '583453310', '79020552161),
	('KORNEL', 'ST¬®PIEƒÉ', '660233683', '73032326251),
	('KUBA', 'WO≈§NIAK', '773441960', '60111651463),
	('MARTYNA', 'MAZUR', '610011349', '78071381223),
	('ALEKS', 'KACZMAREK', '787791696', '66052762466),
	('MICHA≈•', 'MAZUR', '766341715', '75091532576),
	('GRACJAN', 'G≈ïRSKI', '771168594', '86122035674),
	('MICHA≈•', 'WIECZOREK', '575457632', '54111447379),
	('STANIS≈•AW', 'LEWANDOWSKI', '778706003', '76111556691),
	('NELA', 'WALCZAK', '575958315', '76101319796),
	('TEODOR', 'ZALEWSKI', '647029361', '68020869623);
2020-06-21 15:23:03.448 CEST [8272] B≈ÅƒÑD:  b≈ÇƒÖd sk≈Çadni w lub blisko "VALUSES" przy znaku 52
2020-06-21 15:23:03.448 CEST [8272] WYRA≈ªENIE:  INSERT INTO klienci(imie, nazwisko, telefon, pesel)VALUSES('KARINA', 'MAJEWSKI', '782008948', '58022655836),('RAFA≈•', 'ZAJ¬§C', '562474011', '61040718746),('KINGA', 'NOWAKOWSKI', '616927932', '86122035674),('STEFANIA', 'WOJCIECHOWSKI', '726607994', '73122628515),('ALAN', 'JANKOWSKI', '614829649', '68042037596),('MARCIN', 'DUDEK', '647029361', '57022481762),('BIANKA', 'KOWALCZYK', '698798583', '80031128265),('FELIKS', 'OSTROWSKI', '741153260', '81010121349),('GRACJAN', 'JAB≈•OƒÉSKI', '579578903', '86122035674),('JOANNA', 'MAZUR', '583453310', '79020552161),('KORNEL', 'ST¬®PIEƒÉ', '660233683', '73032326251),('KUBA', 'WO≈§NIAK', '773441960', '60111651463),('MARTYNA', 'MAZUR', '610011349', '78071381223),('ALEKS', 'KACZMAREK', '787791696', '66052762466),('MICHA≈•', 'MAZUR', '766341715', '75091532576),('GRACJAN', 'G≈ïRSKI', '771168594', '86122035674),('MICHA≈•', 'WIECZOREK', '575457632', '54111447379),('STANIS≈•AW', 'LEWANDOWSKI', '778706003', '76111556691),('NELA', 'WALCZAK', '575958315', '76101319796),('TEODOR', 'ZALEWSKI', '647029361', '68020869623);
2020-06-21 15:23:22.331 CEST [8272] B≈ÅƒÑD:  b≈ÇƒÖd sk≈Çadni w lub blisko "VALUSES" przy znaku 53
2020-06-21 15:23:22.331 CEST [8272] WYRA≈ªENIE:  INSERT INTO klienci(imie, nazwisko, telefon, pesel)
	VALUSES
	('KARINA', 'MAJEWSKI', '782008948', '58022655836),
	('RAFA≈•', 'ZAJ¬§C', '562474011', '61040718746),
	('KINGA', 'NOWAKOWSKI', '616927932', '86122035674),
	('STEFANIA', 'WOJCIECHOWSKI', '726607994', '73122628515),
	('ALAN', 'JANKOWSKI', '614829649', '68042037596),
	('MARCIN', 'DUDEK', '647029361', '57022481762),
	('BIANKA', 'KOWALCZYK', '698798583', '80031128265),
	('FELIKS', 'OSTROWSKI', '741153260', '81010121349),
	('GRACJAN', 'JAB≈•OƒÉSKI', '579578903', '86122035674),
	('JOANNA', 'MAZUR', '583453310', '79020552161),
	('KORNEL', 'ST¬®PIEƒÉ', '660233683', '73032326251),
	('KUBA', 'WO≈§NIAK', '773441960', '60111651463),
	('MARTYNA', 'MAZUR', '610011349', '78071381223),
	('ALEKS', 'KACZMAREK', '787791696', '66052762466),
	('MICHA≈•', 'MAZUR', '766341715', '75091532576),
	('GRACJAN', 'G≈ïRSKI', '771168594', '86122035674),
	('MICHA≈•', 'WIECZOREK', '575457632', '54111447379),
	('STANIS≈•AW', 'LEWANDOWSKI', '778706003', '76111556691),
	('NELA', 'WALCZAK', '575958315', '76101319796),
	('TEODOR', 'ZALEWSKI', '647029361', '68020869623);
2020-06-21 15:23:44.662 CEST [8272] B≈ÅƒÑD:  b≈ÇƒÖd sk≈Çadni w lub blisko "RAFA≈•" przy znaku 113
2020-06-21 15:23:44.662 CEST [8272] WYRA≈ªENIE:  INSERT INTO klienci(imie, nazwisko, telefon, pesel)
	VALUES
	('KARINA', 'MAJEWSKI', '782008948', '58022655836),
	('RAFA≈•', 'ZAJ¬§C', '562474011', '61040718746),
	('KINGA', 'NOWAKOWSKI', '616927932', '86122035674),
	('STEFANIA', 'WOJCIECHOWSKI', '726607994', '73122628515),
	('ALAN', 'JANKOWSKI', '614829649', '68042037596),
	('MARCIN', 'DUDEK', '647029361', '57022481762),
	('BIANKA', 'KOWALCZYK', '698798583', '80031128265),
	('FELIKS', 'OSTROWSKI', '741153260', '81010121349),
	('GRACJAN', 'JAB≈•OƒÉSKI', '579578903', '86122035674),
	('JOANNA', 'MAZUR', '583453310', '79020552161),
	('KORNEL', 'ST¬®PIEƒÉ', '660233683', '73032326251),
	('KUBA', 'WO≈§NIAK', '773441960', '60111651463),
	('MARTYNA', 'MAZUR', '610011349', '78071381223),
	('ALEKS', 'KACZMAREK', '787791696', '66052762466),
	('MICHA≈•', 'MAZUR', '766341715', '75091532576),
	('GRACJAN', 'G≈ïRSKI', '771168594', '86122035674),
	('MICHA≈•', 'WIECZOREK', '575457632', '54111447379),
	('STANIS≈•AW', 'LEWANDOWSKI', '778706003', '76111556691),
	('NELA', 'WALCZAK', '575958315', '76101319796),
	('TEODOR', 'ZALEWSKI', '647029361', '68020869623);
2020-06-21 15:25:05.510 CEST [8272] B≈ÅƒÑD:  b≈ÇƒÖd sk≈Çadni w lub blisko "RAFA≈•" przy znaku 113
2020-06-21 15:25:05.510 CEST [8272] WYRA≈ªENIE:  INSERT INTO klienci(imie, nazwisko, telefon, pesel)
	VALUES
	('KARINA', 'MAJEWSKI', '782008948', '58022655836),
	('RAFA≈•', 'ZAJ¬§C', '562474011', '61040718746),
	('KINGA', 'NOWAKOWSKI', '616927932', '86122035674),
	('STEFANIA', 'WOJCIECHOWSKI', '726607994', '73122628515),
	('ALAN', 'JANKOWSKI', '614829649', '68042037596),
	('MARCIN', 'DUDEK', '647029361', '57022481762),
	('BIANKA', 'KOWALCZYK', '698798583', '80031128265),
	('FELIKS', 'OSTROWSKI', '741153260', '81010121349),
	('GRACJAN', 'JAB≈•OƒÉSKI', '579578903', '86122035674),
	('JOANNA', 'MAZUR', '583453310', '79020552161),
	('KORNEL', 'ST¬®PIEƒÉ', '660233683', '73032326251),
	('KUBA', 'WO≈§NIAK', '773441960', '60111651463),
	('MARTYNA', 'MAZUR', '610011349', '78071381223),
	('ALEKS', 'KACZMAREK', '787791696', '66052762466),
	('MICHA≈•', 'MAZUR', '766341715', '75091532576),
	('GRACJAN', 'G≈ïRSKI', '771168594', '86122035674),
	('MICHA≈•', 'WIECZOREK', '575457632', '54111447379),
	('STANIS≈•AW', 'LEWANDOWSKI', '778706003', '76111556691),
	('NELA', 'WALCZAK', '575958315', '76101319796),
	('TEODOR', 'ZALEWSKI', '647029361', '68020869623);
2020-06-21 15:25:19.979 CEST [8272] B≈ÅƒÑD:  b≈ÇƒÖd sk≈Çadni w lub blisko "RAFA≈•" przy znaku 113
2020-06-21 15:25:19.979 CEST [8272] WYRA≈ªENIE:  INSERT INTO klienci(imie, nazwisko, telefon, pesel)
	VALUES
	('KARINA', 'MAJEWSKI', '782008948', '58022655836),
	('RAFA≈•', 'ZAJ¬§C', '562474011', '61040718746),
	('KINGA', 'NOWAKOWSKI', '616927932', '86122035674),
	('STEFANIA', 'WOJCIECHOWSKI', '726607994', '73122628515),
	('ALAN', 'JANKOWSKI', '614829649', '68042037596),
	('MARCIN', 'DUDEK', '647029361', '57022481762),
	('BIANKA', 'KOWALCZYK', '698798583', '80031128265),
	('FELIKS', 'OSTROWSKI', '741153260', '81010121349),
	('GRACJAN', 'JAB≈•OƒÉSKI', '579578903', '86122035674),
	('JOANNA', 'MAZUR', '583453310', '79020552161),
	('KORNEL', 'ST¬®PIEƒÉ', '660233683', '73032326251),
	('KUBA', 'WO≈§NIAK', '773441960', '60111651463),
	('MARTYNA', 'MAZUR', '610011349', '78071381223),
	('ALEKS', 'KACZMAREK', '787791696', '66052762466),
	('MICHA≈•', 'MAZUR', '766341715', '75091532576),
	('GRACJAN', 'G≈ïRSKI', '771168594', '86122035674),
	('MICHA≈•', 'WIECZOREK', '575457632', '54111447379),
	('STANIS≈•AW', 'LEWANDOWSKI', '778706003', '76111556691),
	('NELA', 'WALCZAK', '575958315', '76101319796),
	('TEODOR', 'ZALEWSKI', '647029361', '68020869623);
2020-06-21 15:26:04.974 CEST [8272] B≈ÅƒÑD:  b≈ÇƒÖd sk≈Çadni w lub blisko "RAFAL" przy znaku 113
2020-06-21 15:26:04.974 CEST [8272] WYRA≈ªENIE:  INSERT INTO klienci(imie, nazwisko, telefon, pesel)
	VALUES
	('KARINA', 'MAJEWSKI', '782008948', '58022655836),
	('RAFAL', 'ZAJAC', '562474011', '61040718746),
	('KINGA', 'NOWAKOWSKI', '616927932', '86122035674),
	('STEFANIA', 'WOJCIECHOWSKI', '726607994', '73122628515),
	('ALAN', 'JANKOWSKI', '614829649', '68042037596),
	('MARCIN', 'DUDEK', '647029361', '57022481762),
	('BIANKA', 'KOWALCZYK', '698798583', '80031128265),
	('FELIKS', 'OSTROWSKI', '741153260', '81010121349),
	('GRACJAN', 'JABLONSKI', '579578903', '86122035674),
	('JOANNA', 'MAZUR', '583453310', '79020552161),
	('KORNEL', 'ST¬®PIEN', '660233683', '73032326251),
	('KUBA', 'WOZNIAK', '773441960', '60111651463),
	('MARTYNA', 'MAZUR', '610011349', '78071381223),
	('ALEKS', 'KACZMAREK', '787791696', '66052762466),
	('MICHAL', 'MAZUR', '766341715', '75091532576),
	('GRACJAN', 'GORSKI', '771168594', '86122035674),
	('MICHAL', 'WIECZOREK', '575457632', '54111447379),
	('STANISLAW', 'LEWANDOWSKI', '778706003', '76111556691),
	('NELA', 'WALCZAK', '575958315', '76101319796),
	('TEODOR', 'ZALEWSKI', '647029361', '68020869623);
2020-06-21 15:28:14.725 CEST [8272] B≈ÅƒÑD:  b≈ÇƒÖd sk≈Çadni w lub blisko "VALUSES" przy znaku 53
2020-06-21 15:28:14.725 CEST [8272] WYRA≈ªENIE:  INSERT INTO klienci(imie, nazwisko, telefon, pesel)
	VALUSES
	('KAROL', 'KWIATKOWSKI', '766367386', '95040199256'),
	('MA≈•GORZATA', 'WIECZOREK', '605808481', '94061086141'),
	('JULIUSZ', 'W≈ïJCIK', '607447981', '61071472923'),
	('KSAWERY', 'PIOTROWSKI', '601612972', '67020929232'),
	('KAMIL', 'NOWAK', '737945837', '76060734584'),
	('DIANA', 'NOWICKI', '535848020', '61031281156'),
	('OLIVIER', 'GRABOWSKI', '615270162', '98070225566'),
	('SZYMON', 'OSTROWSKI', '540521850', '77061637654'),
	('MARTYNA', 'WR≈ïBLEWSKI', '542980536', '91112031376'),
	('POLA', 'SZEWCZYK', '535592945', '68010869264'),
	('DAMIAN', 'TOMASZEWSKI', '600241462', '81102739786'),
	('RYSZARD', 'RUTKOWSKI', '590784178', '58022655836'),
	('MONIKA', 'OLSZEWSKI', '641816696', '81010121349'),
	('≈•UCJA', 'JANKOWSKI', '672597008', '88040789868'),
	('ELIZA', 'W≈ïJCIK', '741153260', '83020682546'),
	('PATRYCJA', 'WR≈ïBEL', '753522494', '81010121349'),
	('KLARA', 'NOWAKOWSKI', '737224773', '96120731946'),
	('JAKUB', 'WITKOWSKI', '555606098', '65030824992'),
	('FRANCISZEK', 'KOWALCZYK', '592465073', '67020929232'),
	('AURELIA', 'BARAN', '739802096', '98070225566');
2020-06-21 15:29:03.980 CEST [8272] B≈ÅƒÑD:  podw√≥jna warto≈õƒá klucza narusza ograniczenie unikalno≈õci "klienci_pesel_key"
2020-06-21 15:29:03.980 CEST [8272] SZCZEG√ì≈ÅY:  Klucz (pesel)=(79020552161) ju≈º istnieje.
2020-06-21 15:29:03.980 CEST [8272] WYRA≈ªENIE:  INSERT INTO klienci(imie, nazwisko, telefon, pesel)
	VALUES
	('IGA', 'GRABOWSKI', '562191568', '61110854314'),
	('ALEXANDER', 'NOWAK', '666847864', '59042373487'),
	('STEFAN', 'GRABOWSKI', '557759085', '69050265573'),
	('DARIA', 'JAWORSKI', '771168594', '00270689381'),
	('NIKOLA', 'TOMASZEWSKI', '666847864', '99041614778'),
	('BLANKA', 'MICHALAK', '621935137', '79020552161'),
	('KONSTANTY', 'PAWLAK', '580256771', '94051069222'),
	('KAJA', 'G≈ïRSKI', '526487670', '81030468938'),
	('FRANCISZEK', 'ST¬®PIEƒÉ', '583453310', '61031281156'),
	('URSZULA', 'KRAWCZYK', '509311948', '57090911314'),
	('APOLONIA', 'MAJEWSKI', '580256771', '71061896677'),
	('GRACJAN', 'ZALEWSKI', '525899764', '91121216975'),
	('J≈ïZEF', 'JAB≈•OƒÉSKI', '641816696', '94032891738'),
	('DOROTA', 'NOWAK', '605808481', '68010869264'),
	('RADOS≈•AW', 'WI‚ÄîNIEWSKI', '728330642', '76070794118'),
	('MI≈•OSZ', 'G≈ïRSKI', '607447981', '84063077988'),
	('KORNEL', 'KWIATKOWSKI', '741153260', '65042734317'),
	('NIKODEM', 'D¬§BROWSKI', '718307046', '79020552161'),
	('ADRIANNA', 'ADAMCZYK', '647029361', '87100224367'),
	('MONIKA', 'D¬§BROWSKI', '753980086', '82113017373');
2020-06-21 15:36:48.153 CEST [8272] B≈ÅƒÑD:  znak sekwencjƒÖ bajt√≥w 0x88 kodowany w "WIN1250" nie ma r√≥wnowa≈ºnego w kodowaniu "UTF8"
2020-06-21 15:37:01.886 CEST [8272] B≈ÅƒÑD:  znak sekwencjƒÖ bajt√≥w 0x88 kodowany w "WIN1250" nie ma r√≥wnowa≈ºnego w kodowaniu "UTF8"
2020-06-21 15:37:11.217 CEST [8272] B≈ÅƒÑD:  znak sekwencjƒÖ bajt√≥w 0x88 kodowany w "WIN1250" nie ma r√≥wnowa≈ºnego w kodowaniu "UTF8"
2020-06-21 15:38:37.446 CEST [8272] B≈ÅƒÑD:  znak sekwencjƒÖ bajt√≥w 0x88 kodowany w "WIN1250" nie ma r√≥wnowa≈ºnego w kodowaniu "UTF8"
2020-06-21 15:39:40.186 CEST [8272] B≈ÅƒÑD:  INSERT posiada wiƒôcej wyra≈ºe≈Ñ ni≈º docelowych kolumn przy znaku 109
2020-06-21 15:39:40.186 CEST [8272] WYRA≈ªENIE:  INSERT INTO klienci(imie, nazwisko, telefon, pesel)
	VALUES
	('ALEKS', 'WO≈§NIAK', '775681057', '75011312639', 'klient piorytetowy'),
	('RAFA≈•', 'ST¬®PIEƒÉ', '573133584', '58022655836', 'klient piorytetowy');
2020-06-21 15:40:43.763 CEST [8272] B≈ÅƒÑD:  b≈ÇƒÖd sk≈Çadni w lub blisko "'KINGA'" przy znaku 2
2020-06-21 15:40:43.763 CEST [8272] WYRA≈ªENIE:  ('KINGA', 'SIKOR
	;
	'
	)
	;
2020-06-21 15:40:52.098 CEST [8272] B≈ÅƒÑD:  b≈ÇƒÖd sk≈Çadni w lub blisko "selset" przy znaku 1
2020-06-21 15:40:52.098 CEST [8272] WYRA≈ªENIE:  selset * from klienci;
2020-06-21 17:16:31.544 CEST [8272] DZIENNIK:  nie mo≈ºna otrzymaƒá danych od klienta: unrecognized winsock error 10054
2020-06-21 22:13:47.330 CEST [5304] KATASTROFALNY:  autoryzacja has≥em nie powiod≥a siÍ dla uøytkownika "postgres"
2020-06-21 22:13:47.330 CEST [5304] SZCZEG”£Y:  Nie zgadza siÍ has≥o uøytkownika "postgres".
	Po≥πczenie dopasowane do linii 82 pg_hba.conf: "host    all             all             ::1/128                 md5"
